nohup: ignoring input
Apr 18 01:31:04 Runnin completion API (first stage) for
Apr 18 01:31:04 input directory test/intro-questions.txt_dir/
Apr 18 01:31:04 temperature T1 0.6
Apr 18 01:31:04 k K1 3
Apr 18 01:31:04 CONTINUE_FROM 0
Apr 18 01:31:04 LIMIT 300
Apr 18 01:31:04 sleep_time 20
Apr 18 01:31:04 4000
Apr 18 01:31:05 completed: 0, next question: test/intro-questions.txt_dir//4000/question.txt
Apr 18 01:31:05 output directory: davinci_runs/test/first_stage/test_T1_0.6_K1_3/4000
2022-04-18 01:31:05.334406 run_davinci.py test/intro-questions.txt_dir//4000/question.txt davinci_runs/test/first_stage/test_T1_0.6_K1_3/4000 0.6 3
Apr 18 01:31:51 completed: 1, completed question: test/intro-questions.txt_dir//4000/question.txt
Apr 18 01:31:51 4001
Apr 18 01:31:51 completed: 1, next question: test/intro-questions.txt_dir//4001/question.txt
Apr 18 01:31:51 output directory: davinci_runs/test/first_stage/test_T1_0.6_K1_3/4001
2022-04-18 01:31:51.551423 run_davinci.py test/intro-questions.txt_dir//4001/question.txt davinci_runs/test/first_stage/test_T1_0.6_K1_3/4001 0.6 3
Apr 18 01:32:41 completed: 2, completed question: test/intro-questions.txt_dir//4001/question.txt
Apr 18 01:32:41 4002
Apr 18 01:32:41 completed: 2, next question: test/intro-questions.txt_dir//4002/question.txt
Apr 18 01:32:41 output directory: davinci_runs/test/first_stage/test_T1_0.6_K1_3/4002
2022-04-18 01:32:41.418561 run_davinci.py test/intro-questions.txt_dir//4002/question.txt davinci_runs/test/first_stage/test_T1_0.6_K1_3/4002 0.6 3
Apr 18 01:33:12 completed: 3, completed question: test/intro-questions.txt_dir//4002/question.txt
Apr 18 01:33:12 4003
Apr 18 01:33:12 completed: 3, next question: test/intro-questions.txt_dir//4003/question.txt
Apr 18 01:33:12 output directory: davinci_runs/test/first_stage/test_T1_0.6_K1_3/4003
2022-04-18 01:33:12.841801 run_davinci.py test/intro-questions.txt_dir//4003/question.txt davinci_runs/test/first_stage/test_T1_0.6_K1_3/4003 0.6 3
Apr 18 01:34:08 completed: 4, completed question: test/intro-questions.txt_dir//4003/question.txt
Apr 18 01:34:08 4004
Apr 18 01:34:08 completed: 4, next question: test/intro-questions.txt_dir//4004/question.txt
Apr 18 01:34:08 output directory: davinci_runs/test/first_stage/test_T1_0.6_K1_3/4004
2022-04-18 01:34:08.886502 run_davinci.py test/intro-questions.txt_dir//4004/question.txt davinci_runs/test/first_stage/test_T1_0.6_K1_3/4004 0.6 3
Apr 18 01:34:38 completed: 5, completed question: test/intro-questions.txt_dir//4004/question.txt
Apr 18 01:34:38 4005
Apr 18 01:34:38 completed: 5, next question: test/intro-questions.txt_dir//4005/question.txt
Apr 18 01:34:38 output directory: davinci_runs/test/first_stage/test_T1_0.6_K1_3/4005
2022-04-18 01:34:38.718923 run_davinci.py test/intro-questions.txt_dir//4005/question.txt davinci_runs/test/first_stage/test_T1_0.6_K1_3/4005 0.6 3
Apr 18 01:35:09 completed: 6, completed question: test/intro-questions.txt_dir//4005/question.txt
Apr 18 01:35:09 4006
Apr 18 01:35:09 completed: 6, next question: test/intro-questions.txt_dir//4006/question.txt
Apr 18 01:35:09 output directory: davinci_runs/test/first_stage/test_T1_0.6_K1_3/4006
2022-04-18 01:35:10.047402 run_davinci.py test/intro-questions.txt_dir//4006/question.txt davinci_runs/test/first_stage/test_T1_0.6_K1_3/4006 0.6 3
Apr 18 01:35:37 completed: 7, completed question: test/intro-questions.txt_dir//4006/question.txt
Apr 18 01:35:37 4007
Apr 18 01:35:37 completed: 7, next question: test/intro-questions.txt_dir//4007/question.txt
Apr 18 01:35:38 output directory: davinci_runs/test/first_stage/test_T1_0.6_K1_3/4007
2022-04-18 01:35:38.435126 run_davinci.py test/intro-questions.txt_dir//4007/question.txt davinci_runs/test/first_stage/test_T1_0.6_K1_3/4007 0.6 3
Apr 18 01:36:02 completed: 8, completed question: test/intro-questions.txt_dir//4007/question.txt
Apr 18 01:36:02 4008
Apr 18 01:36:02 completed: 8, next question: test/intro-questions.txt_dir//4008/question.txt
Apr 18 01:36:02 output directory: davinci_runs/test/first_stage/test_T1_0.6_K1_3/4008
2022-04-18 01:36:03.360000 run_davinci.py test/intro-questions.txt_dir//4008/question.txt davinci_runs/test/first_stage/test_T1_0.6_K1_3/4008 0.6 3
Apr 18 01:36:35 completed: 9, completed question: test/intro-questions.txt_dir//4008/question.txt
Apr 18 01:36:35 4009
Apr 18 01:36:35 completed: 9, next question: test/intro-questions.txt_dir//4009/question.txt
Apr 18 01:36:35 output directory: davinci_runs/test/first_stage/test_T1_0.6_K1_3/4009
2022-04-18 01:36:35.881304 run_davinci.py test/intro-questions.txt_dir//4009/question.txt davinci_runs/test/first_stage/test_T1_0.6_K1_3/4009 0.6 3
Apr 18 01:37:02 completed: 10, completed question: test/intro-questions.txt_dir//4009/question.txt
Apr 18 01:37:02 4010
Apr 18 01:37:02 completed: 10, next question: test/intro-questions.txt_dir//4010/question.txt
Apr 18 01:37:02 output directory: davinci_runs/test/first_stage/test_T1_0.6_K1_3/4010
Traceback (most recent call last):
  File "run_davinci.py", line 129, in <module>
    run_davinci(path, out_dir)
  File "run_davinci.py", line 65, in run_davinci
    n=N_SOLUTIONS
  File "/opt/conda/lib/python3.7/site-packages/openai/api_resources/completion.py", line 31, in create
    return super().create(*args, **kwargs)
  File "/opt/conda/lib/python3.7/site-packages/openai/api_resources/abstract/engine_api_resource.py", line 106, in create
    request_id=request_id,
  File "/opt/conda/lib/python3.7/site-packages/openai/api_requestor.py", line 120, in request
    resp, got_stream = self._interpret_response(result, stream)
  File "/opt/conda/lib/python3.7/site-packages/openai/api_requestor.py", line 328, in _interpret_response
    result.content, result.status_code, result.headers, stream=False
  File "/opt/conda/lib/python3.7/site-packages/openai/api_requestor.py", line 361, in _interpret_response_line
    rbody, rcode, resp.data, rheaders, stream_error=stream_error
openai.error.InvalidRequestError: This model's maximum context length is 4001 tokens, however you requested 4032 tokens (832 in your prompt; 3200 for the completion). Please reduce your prompt; or completion length.
2022-04-18 01:37:02.685930 run_davinci.py test/intro-questions.txt_dir//4010/question.txt davinci_runs/test/first_stage/test_T1_0.6_K1_3/4010 0.6 3
Apr 18 01:37:03 completed: 11, completed question: test/intro-questions.txt_dir//4010/question.txt
Apr 18 01:37:03 4011
Apr 18 01:37:03 completed: 11, next question: test/intro-questions.txt_dir//4011/question.txt
Apr 18 01:37:03 output directory: davinci_runs/test/first_stage/test_T1_0.6_K1_3/4011
2022-04-18 01:37:04.136849 run_davinci.py test/intro-questions.txt_dir//4011/question.txt davinci_runs/test/first_stage/test_T1_0.6_K1_3/4011 0.6 3
Apr 18 01:37:50 completed: 12, completed question: test/intro-questions.txt_dir//4011/question.txt
Apr 18 01:37:50 4012
Apr 18 01:37:50 completed: 12, next question: test/intro-questions.txt_dir//4012/question.txt
Apr 18 01:37:50 output directory: davinci_runs/test/first_stage/test_T1_0.6_K1_3/4012
2022-04-18 01:37:50.900830 run_davinci.py test/intro-questions.txt_dir//4012/question.txt davinci_runs/test/first_stage/test_T1_0.6_K1_3/4012 0.6 3
Apr 18 01:38:47 completed: 13, completed question: test/intro-questions.txt_dir//4012/question.txt
Apr 18 01:38:47 4013
Apr 18 01:38:47 completed: 13, next question: test/intro-questions.txt_dir//4013/question.txt
Apr 18 01:38:47 output directory: davinci_runs/test/first_stage/test_T1_0.6_K1_3/4013
2022-04-18 01:38:47.668962 run_davinci.py test/intro-questions.txt_dir//4013/question.txt davinci_runs/test/first_stage/test_T1_0.6_K1_3/4013 0.6 3
Apr 18 01:39:15 completed: 14, completed question: test/intro-questions.txt_dir//4013/question.txt
Apr 18 01:39:15 4014
Apr 18 01:39:15 completed: 14, next question: test/intro-questions.txt_dir//4014/question.txt
Apr 18 01:39:15 output directory: davinci_runs/test/first_stage/test_T1_0.6_K1_3/4014
Traceback (most recent call last):
  File "run_davinci.py", line 129, in <module>
    run_davinci(path, out_dir)
  File "run_davinci.py", line 65, in run_davinci
    n=N_SOLUTIONS
  File "/opt/conda/lib/python3.7/site-packages/openai/api_resources/completion.py", line 31, in create
    return super().create(*args, **kwargs)
  File "/opt/conda/lib/python3.7/site-packages/openai/api_resources/abstract/engine_api_resource.py", line 106, in create
    request_id=request_id,
  File "/opt/conda/lib/python3.7/site-packages/openai/api_requestor.py", line 120, in request
    resp, got_stream = self._interpret_response(result, stream)
  File "/opt/conda/lib/python3.7/site-packages/openai/api_requestor.py", line 328, in _interpret_response
    result.content, result.status_code, result.headers, stream=False
  File "/opt/conda/lib/python3.7/site-packages/openai/api_requestor.py", line 361, in _interpret_response_line
    rbody, rcode, resp.data, rheaders, stream_error=stream_error
openai.error.InvalidRequestError: This model's maximum context length is 4001 tokens, however you requested 4145 tokens (945 in your prompt; 3200 for the completion). Please reduce your prompt; or completion length.
2022-04-18 01:39:16.126898 run_davinci.py test/intro-questions.txt_dir//4014/question.txt davinci_runs/test/first_stage/test_T1_0.6_K1_3/4014 0.6 3
Apr 18 01:39:16 completed: 15, completed question: test/intro-questions.txt_dir//4014/question.txt
Apr 18 01:39:16 4015
Apr 18 01:39:16 completed: 15, next question: test/intro-questions.txt_dir//4015/question.txt
Apr 18 01:39:16 output directory: davinci_runs/test/first_stage/test_T1_0.6_K1_3/4015
2022-04-18 01:39:16.680110 run_davinci.py test/intro-questions.txt_dir//4015/question.txt davinci_runs/test/first_stage/test_T1_0.6_K1_3/4015 0.6 3
Apr 18 01:39:46 completed: 16, completed question: test/intro-questions.txt_dir//4015/question.txt
Apr 18 01:39:46 4016
Apr 18 01:39:46 completed: 16, next question: test/intro-questions.txt_dir//4016/question.txt
Apr 18 01:39:47 output directory: davinci_runs/test/first_stage/test_T1_0.6_K1_3/4016
2022-04-18 01:39:47.316098 run_davinci.py test/intro-questions.txt_dir//4016/question.txt davinci_runs/test/first_stage/test_T1_0.6_K1_3/4016 0.6 3
Apr 18 01:40:40 completed: 17, completed question: test/intro-questions.txt_dir//4016/question.txt
Apr 18 01:40:40 4017
Apr 18 01:40:40 completed: 17, next question: test/intro-questions.txt_dir//4017/question.txt
Apr 18 01:40:40 output directory: davinci_runs/test/first_stage/test_T1_0.6_K1_3/4017
2022-04-18 01:40:40.456752 run_davinci.py test/intro-questions.txt_dir//4017/question.txt davinci_runs/test/first_stage/test_T1_0.6_K1_3/4017 0.6 3
Apr 18 01:41:03 completed: 18, completed question: test/intro-questions.txt_dir//4017/question.txt
Apr 18 01:41:03 4018
Apr 18 01:41:03 completed: 18, next question: test/intro-questions.txt_dir//4018/question.txt
Apr 18 01:41:03 output directory: davinci_runs/test/first_stage/test_T1_0.6_K1_3/4018
2022-04-18 01:41:03.937194 run_davinci.py test/intro-questions.txt_dir//4018/question.txt davinci_runs/test/first_stage/test_T1_0.6_K1_3/4018 0.6 3
Apr 18 01:41:31 completed: 19, completed question: test/intro-questions.txt_dir//4018/question.txt
Apr 18 01:41:31 4019
Apr 18 01:41:31 completed: 19, next question: test/intro-questions.txt_dir//4019/question.txt
Apr 18 01:41:31 output directory: davinci_runs/test/first_stage/test_T1_0.6_K1_3/4019
2022-04-18 01:41:31.789812 run_davinci.py test/intro-questions.txt_dir//4019/question.txt davinci_runs/test/first_stage/test_T1_0.6_K1_3/4019 0.6 3
Apr 18 01:42:05 completed: 20, completed question: test/intro-questions.txt_dir//4019/question.txt
Apr 18 01:42:05 4020
Apr 18 01:42:06 completed: 20, next question: test/intro-questions.txt_dir//4020/question.txt
Apr 18 01:42:06 output directory: davinci_runs/test/first_stage/test_T1_0.6_K1_3/4020
2022-04-18 01:42:06.333147 run_davinci.py test/intro-questions.txt_dir//4020/question.txt davinci_runs/test/first_stage/test_T1_0.6_K1_3/4020 0.6 3
Apr 18 01:42:44 completed: 21, completed question: test/intro-questions.txt_dir//4020/question.txt
Apr 18 01:42:44 4021
Apr 18 01:42:44 completed: 21, next question: test/intro-questions.txt_dir//4021/question.txt
Apr 18 01:42:44 output directory: davinci_runs/test/first_stage/test_T1_0.6_K1_3/4021
2022-04-18 01:42:44.968347 run_davinci.py test/intro-questions.txt_dir//4021/question.txt davinci_runs/test/first_stage/test_T1_0.6_K1_3/4021 0.6 3
Apr 18 01:43:07 completed: 22, completed question: test/intro-questions.txt_dir//4021/question.txt
Apr 18 01:43:07 4022
Apr 18 01:43:07 completed: 22, next question: test/intro-questions.txt_dir//4022/question.txt
Apr 18 01:43:07 output directory: davinci_runs/test/first_stage/test_T1_0.6_K1_3/4022
2022-04-18 01:43:07.481948 run_davinci.py test/intro-questions.txt_dir//4022/question.txt davinci_runs/test/first_stage/test_T1_0.6_K1_3/4022 0.6 3
Apr 18 01:43:47 completed: 23, completed question: test/intro-questions.txt_dir//4022/question.txt
Apr 18 01:43:47 4023
Apr 18 01:43:47 completed: 23, next question: test/intro-questions.txt_dir//4023/question.txt
Apr 18 01:43:47 output directory: davinci_runs/test/first_stage/test_T1_0.6_K1_3/4023
2022-04-18 01:43:48.254311 run_davinci.py test/intro-questions.txt_dir//4023/question.txt davinci_runs/test/first_stage/test_T1_0.6_K1_3/4023 0.6 3
Apr 18 01:44:14 completed: 24, completed question: test/intro-questions.txt_dir//4023/question.txt
Apr 18 01:44:14 4024
Apr 18 01:44:14 completed: 24, next question: test/intro-questions.txt_dir//4024/question.txt
Apr 18 01:44:14 output directory: davinci_runs/test/first_stage/test_T1_0.6_K1_3/4024
2022-04-18 01:44:14.549747 run_davinci.py test/intro-questions.txt_dir//4024/question.txt davinci_runs/test/first_stage/test_T1_0.6_K1_3/4024 0.6 3
Apr 18 01:44:48 completed: 25, completed question: test/intro-questions.txt_dir//4024/question.txt
Apr 18 01:44:48 4025
Apr 18 01:44:48 completed: 25, next question: test/intro-questions.txt_dir//4025/question.txt
Apr 18 01:44:48 output directory: davinci_runs/test/first_stage/test_T1_0.6_K1_3/4025
2022-04-18 01:44:48.458464 run_davinci.py test/intro-questions.txt_dir//4025/question.txt davinci_runs/test/first_stage/test_T1_0.6_K1_3/4025 0.6 3
Apr 18 01:45:11 completed: 26, completed question: test/intro-questions.txt_dir//4025/question.txt
Apr 18 01:45:11 4026
Apr 18 01:45:11 completed: 26, next question: test/intro-questions.txt_dir//4026/question.txt
Apr 18 01:45:11 output directory: davinci_runs/test/first_stage/test_T1_0.6_K1_3/4026
Traceback (most recent call last):
  File "run_davinci.py", line 129, in <module>
    run_davinci(path, out_dir)
  File "run_davinci.py", line 65, in run_davinci
    n=N_SOLUTIONS
  File "/opt/conda/lib/python3.7/site-packages/openai/api_resources/completion.py", line 31, in create
    return super().create(*args, **kwargs)
  File "/opt/conda/lib/python3.7/site-packages/openai/api_resources/abstract/engine_api_resource.py", line 106, in create
    request_id=request_id,
  File "/opt/conda/lib/python3.7/site-packages/openai/api_requestor.py", line 120, in request
    resp, got_stream = self._interpret_response(result, stream)
  File "/opt/conda/lib/python3.7/site-packages/openai/api_requestor.py", line 328, in _interpret_response
    result.content, result.status_code, result.headers, stream=False
  File "/opt/conda/lib/python3.7/site-packages/openai/api_requestor.py", line 361, in _interpret_response_line
    rbody, rcode, resp.data, rheaders, stream_error=stream_error
openai.error.InvalidRequestError: This model's maximum context length is 4001 tokens, however you requested 4105 tokens (905 in your prompt; 3200 for the completion). Please reduce your prompt; or completion length.
2022-04-18 01:45:11.371914 run_davinci.py test/intro-questions.txt_dir//4026/question.txt davinci_runs/test/first_stage/test_T1_0.6_K1_3/4026 0.6 3
Apr 18 01:45:11 completed: 27, completed question: test/intro-questions.txt_dir//4026/question.txt
Apr 18 01:45:11 4027
Apr 18 01:45:11 completed: 27, next question: test/intro-questions.txt_dir//4027/question.txt
Apr 18 01:45:11 output directory: davinci_runs/test/first_stage/test_T1_0.6_K1_3/4027
2022-04-18 01:45:11.931349 run_davinci.py test/intro-questions.txt_dir//4027/question.txt davinci_runs/test/first_stage/test_T1_0.6_K1_3/4027 0.6 3
Apr 18 01:45:34 completed: 28, completed question: test/intro-questions.txt_dir//4027/question.txt
Apr 18 01:45:34 4028
Apr 18 01:45:34 completed: 28, next question: test/intro-questions.txt_dir//4028/question.txt
Apr 18 01:45:34 output directory: davinci_runs/test/first_stage/test_T1_0.6_K1_3/4028
2022-04-18 01:45:34.871523 run_davinci.py test/intro-questions.txt_dir//4028/question.txt davinci_runs/test/first_stage/test_T1_0.6_K1_3/4028 0.6 3
Apr 18 01:46:10 completed: 29, completed question: test/intro-questions.txt_dir//4028/question.txt
Apr 18 01:46:10 4029
Apr 18 01:46:10 completed: 29, next question: test/intro-questions.txt_dir//4029/question.txt
Apr 18 01:46:10 output directory: davinci_runs/test/first_stage/test_T1_0.6_K1_3/4029
2022-04-18 01:46:10.559673 run_davinci.py test/intro-questions.txt_dir//4029/question.txt davinci_runs/test/first_stage/test_T1_0.6_K1_3/4029 0.6 3
Apr 18 01:46:38 completed: 30, completed question: test/intro-questions.txt_dir//4029/question.txt
Apr 18 01:46:39 4030
Apr 18 01:46:39 completed: 30, next question: test/intro-questions.txt_dir//4030/question.txt
Apr 18 01:46:39 output directory: davinci_runs/test/first_stage/test_T1_0.6_K1_3/4030
2022-04-18 01:46:39.359195 run_davinci.py test/intro-questions.txt_dir//4030/question.txt davinci_runs/test/first_stage/test_T1_0.6_K1_3/4030 0.6 3
Apr 18 01:47:08 completed: 31, completed question: test/intro-questions.txt_dir//4030/question.txt
Apr 18 01:47:08 4031
Apr 18 01:47:08 completed: 31, next question: test/intro-questions.txt_dir//4031/question.txt
Apr 18 01:47:08 output directory: davinci_runs/test/first_stage/test_T1_0.6_K1_3/4031
2022-04-18 01:47:08.496787 run_davinci.py test/intro-questions.txt_dir//4031/question.txt davinci_runs/test/first_stage/test_T1_0.6_K1_3/4031 0.6 3
Apr 18 01:47:50 completed: 32, completed question: test/intro-questions.txt_dir//4031/question.txt
Apr 18 01:47:50 4032
Apr 18 01:47:50 completed: 32, next question: test/intro-questions.txt_dir//4032/question.txt
Apr 18 01:47:50 output directory: davinci_runs/test/first_stage/test_T1_0.6_K1_3/4032
2022-04-18 01:47:50.979548 run_davinci.py test/intro-questions.txt_dir//4032/question.txt davinci_runs/test/first_stage/test_T1_0.6_K1_3/4032 0.6 3
Apr 18 01:48:20 completed: 33, completed question: test/intro-questions.txt_dir//4032/question.txt
Apr 18 01:48:20 4033
Apr 18 01:48:20 completed: 33, next question: test/intro-questions.txt_dir//4033/question.txt
Apr 18 01:48:20 output directory: davinci_runs/test/first_stage/test_T1_0.6_K1_3/4033
2022-04-18 01:48:21.192385 run_davinci.py test/intro-questions.txt_dir//4033/question.txt davinci_runs/test/first_stage/test_T1_0.6_K1_3/4033 0.6 3
Apr 18 01:48:58 completed: 34, completed question: test/intro-questions.txt_dir//4033/question.txt
Apr 18 01:48:58 4034
Apr 18 01:48:58 completed: 34, next question: test/intro-questions.txt_dir//4034/question.txt
Apr 18 01:48:58 output directory: davinci_runs/test/first_stage/test_T1_0.6_K1_3/4034
2022-04-18 01:48:59.134957 run_davinci.py test/intro-questions.txt_dir//4034/question.txt davinci_runs/test/first_stage/test_T1_0.6_K1_3/4034 0.6 3
Apr 18 01:49:37 completed: 35, completed question: test/intro-questions.txt_dir//4034/question.txt
Apr 18 01:49:37 4035
Apr 18 01:49:37 completed: 35, next question: test/intro-questions.txt_dir//4035/question.txt
Apr 18 01:49:37 output directory: davinci_runs/test/first_stage/test_T1_0.6_K1_3/4035
2022-04-18 01:49:37.987123 run_davinci.py test/intro-questions.txt_dir//4035/question.txt davinci_runs/test/first_stage/test_T1_0.6_K1_3/4035 0.6 3
Apr 18 01:50:03 completed: 36, completed question: test/intro-questions.txt_dir//4035/question.txt
Apr 18 01:50:03 4036
Apr 18 01:50:03 completed: 36, next question: test/intro-questions.txt_dir//4036/question.txt
Apr 18 01:50:03 output directory: davinci_runs/test/first_stage/test_T1_0.6_K1_3/4036
2022-04-18 01:50:03.596387 run_davinci.py test/intro-questions.txt_dir//4036/question.txt davinci_runs/test/first_stage/test_T1_0.6_K1_3/4036 0.6 3
Apr 18 01:50:30 completed: 37, completed question: test/intro-questions.txt_dir//4036/question.txt
Apr 18 01:50:30 4037
Apr 18 01:50:30 completed: 37, next question: test/intro-questions.txt_dir//4037/question.txt
Apr 18 01:50:30 output directory: davinci_runs/test/first_stage/test_T1_0.6_K1_3/4037
2022-04-18 01:50:30.924788 run_davinci.py test/intro-questions.txt_dir//4037/question.txt davinci_runs/test/first_stage/test_T1_0.6_K1_3/4037 0.6 3
Apr 18 01:51:12 completed: 38, completed question: test/intro-questions.txt_dir//4037/question.txt
Apr 18 01:51:12 4038
Apr 18 01:51:12 completed: 38, next question: test/intro-questions.txt_dir//4038/question.txt
Apr 18 01:51:12 output directory: davinci_runs/test/first_stage/test_T1_0.6_K1_3/4038
Traceback (most recent call last):
  File "run_davinci.py", line 129, in <module>
    run_davinci(path, out_dir)
  File "run_davinci.py", line 65, in run_davinci
    n=N_SOLUTIONS
  File "/opt/conda/lib/python3.7/site-packages/openai/api_resources/completion.py", line 31, in create
    return super().create(*args, **kwargs)
  File "/opt/conda/lib/python3.7/site-packages/openai/api_resources/abstract/engine_api_resource.py", line 106, in create
    request_id=request_id,
  File "/opt/conda/lib/python3.7/site-packages/openai/api_requestor.py", line 120, in request
    resp, got_stream = self._interpret_response(result, stream)
  File "/opt/conda/lib/python3.7/site-packages/openai/api_requestor.py", line 328, in _interpret_response
    result.content, result.status_code, result.headers, stream=False
  File "/opt/conda/lib/python3.7/site-packages/openai/api_requestor.py", line 361, in _interpret_response_line
    rbody, rcode, resp.data, rheaders, stream_error=stream_error
openai.error.InvalidRequestError: This model's maximum context length is 4001 tokens, however you requested 4455 tokens (1255 in your prompt; 3200 for the completion). Please reduce your prompt; or completion length.
2022-04-18 01:51:12.521282 run_davinci.py test/intro-questions.txt_dir//4038/question.txt davinci_runs/test/first_stage/test_T1_0.6_K1_3/4038 0.6 3
Apr 18 01:51:12 completed: 39, completed question: test/intro-questions.txt_dir//4038/question.txt
Apr 18 01:51:12 4039
Apr 18 01:51:12 completed: 39, next question: test/intro-questions.txt_dir//4039/question.txt
Apr 18 01:51:12 output directory: davinci_runs/test/first_stage/test_T1_0.6_K1_3/4039
2022-04-18 01:51:13.139178 run_davinci.py test/intro-questions.txt_dir//4039/question.txt davinci_runs/test/first_stage/test_T1_0.6_K1_3/4039 0.6 3
Apr 18 01:51:41 completed: 40, completed question: test/intro-questions.txt_dir//4039/question.txt
Apr 18 01:51:41 4040
Apr 18 01:51:41 completed: 40, next question: test/intro-questions.txt_dir//4040/question.txt
Apr 18 01:51:41 output directory: davinci_runs/test/first_stage/test_T1_0.6_K1_3/4040
Traceback (most recent call last):
  File "run_davinci.py", line 129, in <module>
    run_davinci(path, out_dir)
  File "run_davinci.py", line 65, in run_davinci
    n=N_SOLUTIONS
  File "/opt/conda/lib/python3.7/site-packages/openai/api_resources/completion.py", line 31, in create
    return super().create(*args, **kwargs)
  File "/opt/conda/lib/python3.7/site-packages/openai/api_resources/abstract/engine_api_resource.py", line 106, in create
    request_id=request_id,
  File "/opt/conda/lib/python3.7/site-packages/openai/api_requestor.py", line 120, in request
    resp, got_stream = self._interpret_response(result, stream)
  File "/opt/conda/lib/python3.7/site-packages/openai/api_requestor.py", line 328, in _interpret_response
    result.content, result.status_code, result.headers, stream=False
  File "/opt/conda/lib/python3.7/site-packages/openai/api_requestor.py", line 361, in _interpret_response_line
    rbody, rcode, resp.data, rheaders, stream_error=stream_error
openai.error.InvalidRequestError: This model's maximum context length is 4001 tokens, however you requested 4311 tokens (1111 in your prompt; 3200 for the completion). Please reduce your prompt; or completion length.
2022-04-18 01:51:41.408880 run_davinci.py test/intro-questions.txt_dir//4040/question.txt davinci_runs/test/first_stage/test_T1_0.6_K1_3/4040 0.6 3
Apr 18 01:51:41 completed: 41, completed question: test/intro-questions.txt_dir//4040/question.txt
Apr 18 01:51:41 4041
Apr 18 01:51:41 completed: 41, next question: test/intro-questions.txt_dir//4041/question.txt
Apr 18 01:51:41 output directory: davinci_runs/test/first_stage/test_T1_0.6_K1_3/4041
2022-04-18 01:51:41.977257 run_davinci.py test/intro-questions.txt_dir//4041/question.txt davinci_runs/test/first_stage/test_T1_0.6_K1_3/4041 0.6 3
Apr 18 01:53:21 completed: 42, completed question: test/intro-questions.txt_dir//4041/question.txt
Apr 18 01:53:21 4042
Apr 18 01:53:21 completed: 42, next question: test/intro-questions.txt_dir//4042/question.txt
Apr 18 01:53:21 output directory: davinci_runs/test/first_stage/test_T1_0.6_K1_3/4042
2022-04-18 01:53:22.130767 run_davinci.py test/intro-questions.txt_dir//4042/question.txt davinci_runs/test/first_stage/test_T1_0.6_K1_3/4042 0.6 3
Apr 18 01:53:53 completed: 43, completed question: test/intro-questions.txt_dir//4042/question.txt
Apr 18 01:53:54 4043
Apr 18 01:53:54 completed: 43, next question: test/intro-questions.txt_dir//4043/question.txt
Apr 18 01:53:54 output directory: davinci_runs/test/first_stage/test_T1_0.6_K1_3/4043
2022-04-18 01:53:54.354985 run_davinci.py test/intro-questions.txt_dir//4043/question.txt davinci_runs/test/first_stage/test_T1_0.6_K1_3/4043 0.6 3
Apr 18 01:54:43 completed: 44, completed question: test/intro-questions.txt_dir//4043/question.txt
Apr 18 01:54:43 4044
Apr 18 01:54:43 completed: 44, next question: test/intro-questions.txt_dir//4044/question.txt
Apr 18 01:54:43 output directory: davinci_runs/test/first_stage/test_T1_0.6_K1_3/4044
2022-04-18 01:54:43.842147 run_davinci.py test/intro-questions.txt_dir//4044/question.txt davinci_runs/test/first_stage/test_T1_0.6_K1_3/4044 0.6 3
Apr 18 01:55:35 completed: 45, completed question: test/intro-questions.txt_dir//4044/question.txt
Apr 18 01:55:35 4045
Apr 18 01:55:35 completed: 45, next question: test/intro-questions.txt_dir//4045/question.txt
Apr 18 01:55:35 output directory: davinci_runs/test/first_stage/test_T1_0.6_K1_3/4045
2022-04-18 01:55:35.621679 run_davinci.py test/intro-questions.txt_dir//4045/question.txt davinci_runs/test/first_stage/test_T1_0.6_K1_3/4045 0.6 3
Apr 18 01:56:46 completed: 46, completed question: test/intro-questions.txt_dir//4045/question.txt
Apr 18 01:56:46 4046
Apr 18 01:56:46 completed: 46, next question: test/intro-questions.txt_dir//4046/question.txt
Apr 18 01:56:46 output directory: davinci_runs/test/first_stage/test_T1_0.6_K1_3/4046
2022-04-18 01:56:46.978023 run_davinci.py test/intro-questions.txt_dir//4046/question.txt davinci_runs/test/first_stage/test_T1_0.6_K1_3/4046 0.6 3
Apr 18 01:57:14 completed: 47, completed question: test/intro-questions.txt_dir//4046/question.txt
Apr 18 01:57:14 4047
Apr 18 01:57:14 completed: 47, next question: test/intro-questions.txt_dir//4047/question.txt
Apr 18 01:57:14 output directory: davinci_runs/test/first_stage/test_T1_0.6_K1_3/4047
2022-04-18 01:57:14.808170 run_davinci.py test/intro-questions.txt_dir//4047/question.txt davinci_runs/test/first_stage/test_T1_0.6_K1_3/4047 0.6 3
Apr 18 01:57:42 completed: 48, completed question: test/intro-questions.txt_dir//4047/question.txt
Apr 18 01:57:42 4048
Apr 18 01:57:42 completed: 48, next question: test/intro-questions.txt_dir//4048/question.txt
Apr 18 01:57:42 output directory: davinci_runs/test/first_stage/test_T1_0.6_K1_3/4048
2022-04-18 01:57:42.957574 run_davinci.py test/intro-questions.txt_dir//4048/question.txt davinci_runs/test/first_stage/test_T1_0.6_K1_3/4048 0.6 3
Apr 18 01:58:04 completed: 49, completed question: test/intro-questions.txt_dir//4048/question.txt
Apr 18 01:58:04 4049
Apr 18 01:58:04 completed: 49, next question: test/intro-questions.txt_dir//4049/question.txt
Apr 18 01:58:04 output directory: davinci_runs/test/first_stage/test_T1_0.6_K1_3/4049
2022-04-18 01:58:04.897275 run_davinci.py test/intro-questions.txt_dir//4049/question.txt davinci_runs/test/first_stage/test_T1_0.6_K1_3/4049 0.6 3
Apr 18 01:58:34 completed: 50, completed question: test/intro-questions.txt_dir//4049/question.txt
Apr 18 01:58:34 4050
Apr 18 01:58:34 completed: 50, next question: test/intro-questions.txt_dir//4050/question.txt
Apr 18 01:58:34 output directory: davinci_runs/test/first_stage/test_T1_0.6_K1_3/4050
2022-04-18 01:58:35.059234 run_davinci.py test/intro-questions.txt_dir//4050/question.txt davinci_runs/test/first_stage/test_T1_0.6_K1_3/4050 0.6 3
Apr 18 01:59:13 completed: 51, completed question: test/intro-questions.txt_dir//4050/question.txt
Apr 18 01:59:13 4051
Apr 18 01:59:13 completed: 51, next question: test/intro-questions.txt_dir//4051/question.txt
Apr 18 01:59:13 output directory: davinci_runs/test/first_stage/test_T1_0.6_K1_3/4051
2022-04-18 01:59:13.637849 run_davinci.py test/intro-questions.txt_dir//4051/question.txt davinci_runs/test/first_stage/test_T1_0.6_K1_3/4051 0.6 3
Apr 18 01:59:40 completed: 52, completed question: test/intro-questions.txt_dir//4051/question.txt
Apr 18 01:59:40 4052
Apr 18 01:59:40 completed: 52, next question: test/intro-questions.txt_dir//4052/question.txt
Apr 18 01:59:40 output directory: davinci_runs/test/first_stage/test_T1_0.6_K1_3/4052
2022-04-18 01:59:41.016516 run_davinci.py test/intro-questions.txt_dir//4052/question.txt davinci_runs/test/first_stage/test_T1_0.6_K1_3/4052 0.6 3
Apr 18 02:00:24 completed: 53, completed question: test/intro-questions.txt_dir//4052/question.txt
Apr 18 02:00:24 4053
Apr 18 02:00:24 completed: 53, next question: test/intro-questions.txt_dir//4053/question.txt
Apr 18 02:00:24 output directory: davinci_runs/test/first_stage/test_T1_0.6_K1_3/4053
2022-04-18 02:00:24.816755 run_davinci.py test/intro-questions.txt_dir//4053/question.txt davinci_runs/test/first_stage/test_T1_0.6_K1_3/4053 0.6 3
Apr 18 02:00:48 completed: 54, completed question: test/intro-questions.txt_dir//4053/question.txt
Apr 18 02:00:48 4054
Apr 18 02:00:48 completed: 54, next question: test/intro-questions.txt_dir//4054/question.txt
Apr 18 02:00:48 output directory: davinci_runs/test/first_stage/test_T1_0.6_K1_3/4054
2022-04-18 02:00:48.961852 run_davinci.py test/intro-questions.txt_dir//4054/question.txt davinci_runs/test/first_stage/test_T1_0.6_K1_3/4054 0.6 3
Apr 18 02:01:14 completed: 55, completed question: test/intro-questions.txt_dir//4054/question.txt
Apr 18 02:01:14 4055
Apr 18 02:01:14 completed: 55, next question: test/intro-questions.txt_dir//4055/question.txt
Apr 18 02:01:14 output directory: davinci_runs/test/first_stage/test_T1_0.6_K1_3/4055
2022-04-18 02:01:14.701432 run_davinci.py test/intro-questions.txt_dir//4055/question.txt davinci_runs/test/first_stage/test_T1_0.6_K1_3/4055 0.6 3
Apr 18 02:01:44 completed: 56, completed question: test/intro-questions.txt_dir//4055/question.txt
Apr 18 02:01:44 4056
Apr 18 02:01:44 completed: 56, next question: test/intro-questions.txt_dir//4056/question.txt
Apr 18 02:01:44 output directory: davinci_runs/test/first_stage/test_T1_0.6_K1_3/4056
2022-04-18 02:01:44.630455 run_davinci.py test/intro-questions.txt_dir//4056/question.txt davinci_runs/test/first_stage/test_T1_0.6_K1_3/4056 0.6 3
Apr 18 02:02:18 completed: 57, completed question: test/intro-questions.txt_dir//4056/question.txt
Apr 18 02:02:18 4057
Apr 18 02:02:18 completed: 57, next question: test/intro-questions.txt_dir//4057/question.txt
Apr 18 02:02:18 output directory: davinci_runs/test/first_stage/test_T1_0.6_K1_3/4057
2022-04-18 02:02:18.404127 run_davinci.py test/intro-questions.txt_dir//4057/question.txt davinci_runs/test/first_stage/test_T1_0.6_K1_3/4057 0.6 3
Apr 18 02:02:49 completed: 58, completed question: test/intro-questions.txt_dir//4057/question.txt
Apr 18 02:02:49 4058
Apr 18 02:02:49 completed: 58, next question: test/intro-questions.txt_dir//4058/question.txt
Apr 18 02:02:49 output directory: davinci_runs/test/first_stage/test_T1_0.6_K1_3/4058
Traceback (most recent call last):
  File "run_davinci.py", line 129, in <module>
    run_davinci(path, out_dir)
  File "run_davinci.py", line 65, in run_davinci
    n=N_SOLUTIONS
  File "/opt/conda/lib/python3.7/site-packages/openai/api_resources/completion.py", line 31, in create
    return super().create(*args, **kwargs)
  File "/opt/conda/lib/python3.7/site-packages/openai/api_resources/abstract/engine_api_resource.py", line 106, in create
    request_id=request_id,
  File "/opt/conda/lib/python3.7/site-packages/openai/api_requestor.py", line 120, in request
    resp, got_stream = self._interpret_response(result, stream)
  File "/opt/conda/lib/python3.7/site-packages/openai/api_requestor.py", line 328, in _interpret_response
    result.content, result.status_code, result.headers, stream=False
  File "/opt/conda/lib/python3.7/site-packages/openai/api_requestor.py", line 361, in _interpret_response_line
    rbody, rcode, resp.data, rheaders, stream_error=stream_error
openai.error.InvalidRequestError: This model's maximum context length is 4001 tokens, however you requested 4015 tokens (815 in your prompt; 3200 for the completion). Please reduce your prompt; or completion length.
2022-04-18 02:02:50.229570 run_davinci.py test/intro-questions.txt_dir//4058/question.txt davinci_runs/test/first_stage/test_T1_0.6_K1_3/4058 0.6 3
Apr 18 02:02:50 completed: 59, completed question: test/intro-questions.txt_dir//4058/question.txt
Apr 18 02:02:50 4059
Apr 18 02:02:50 completed: 59, next question: test/intro-questions.txt_dir//4059/question.txt
Apr 18 02:02:50 output directory: davinci_runs/test/first_stage/test_T1_0.6_K1_3/4059
2022-04-18 02:02:50.853386 run_davinci.py test/intro-questions.txt_dir//4059/question.txt davinci_runs/test/first_stage/test_T1_0.6_K1_3/4059 0.6 3
Apr 18 02:03:14 completed: 60, completed question: test/intro-questions.txt_dir//4059/question.txt
Apr 18 02:03:14 4060
Apr 18 02:03:14 completed: 60, next question: test/intro-questions.txt_dir//4060/question.txt
Apr 18 02:03:14 output directory: davinci_runs/test/first_stage/test_T1_0.6_K1_3/4060
2022-04-18 02:03:15.037091 run_davinci.py test/intro-questions.txt_dir//4060/question.txt davinci_runs/test/first_stage/test_T1_0.6_K1_3/4060 0.6 3
Apr 18 02:03:42 completed: 61, completed question: test/intro-questions.txt_dir//4060/question.txt
Apr 18 02:03:42 4061
Apr 18 02:03:42 completed: 61, next question: test/intro-questions.txt_dir//4061/question.txt
Apr 18 02:03:42 output directory: davinci_runs/test/first_stage/test_T1_0.6_K1_3/4061
2022-04-18 02:03:42.723648 run_davinci.py test/intro-questions.txt_dir//4061/question.txt davinci_runs/test/first_stage/test_T1_0.6_K1_3/4061 0.6 3
Apr 18 02:04:11 completed: 62, completed question: test/intro-questions.txt_dir//4061/question.txt
Apr 18 02:04:11 4062
Apr 18 02:04:11 completed: 62, next question: test/intro-questions.txt_dir//4062/question.txt
Apr 18 02:04:11 output directory: davinci_runs/test/first_stage/test_T1_0.6_K1_3/4062
2022-04-18 02:04:12.085289 run_davinci.py test/intro-questions.txt_dir//4062/question.txt davinci_runs/test/first_stage/test_T1_0.6_K1_3/4062 0.6 3
Apr 18 02:04:39 completed: 63, completed question: test/intro-questions.txt_dir//4062/question.txt
Apr 18 02:04:39 4063
Apr 18 02:04:39 completed: 63, next question: test/intro-questions.txt_dir//4063/question.txt
Apr 18 02:04:39 output directory: davinci_runs/test/first_stage/test_T1_0.6_K1_3/4063
2022-04-18 02:04:39.431792 run_davinci.py test/intro-questions.txt_dir//4063/question.txt davinci_runs/test/first_stage/test_T1_0.6_K1_3/4063 0.6 3
Apr 18 02:05:12 completed: 64, completed question: test/intro-questions.txt_dir//4063/question.txt
Apr 18 02:05:12 4064
Apr 18 02:05:12 completed: 64, next question: test/intro-questions.txt_dir//4064/question.txt
Apr 18 02:05:13 output directory: davinci_runs/test/first_stage/test_T1_0.6_K1_3/4064
2022-04-18 02:05:13.305573 run_davinci.py test/intro-questions.txt_dir//4064/question.txt davinci_runs/test/first_stage/test_T1_0.6_K1_3/4064 0.6 3
Apr 18 02:05:49 completed: 65, completed question: test/intro-questions.txt_dir//4064/question.txt
Apr 18 02:05:49 4065
Apr 18 02:05:49 completed: 65, next question: test/intro-questions.txt_dir//4065/question.txt
Apr 18 02:05:49 output directory: davinci_runs/test/first_stage/test_T1_0.6_K1_3/4065
2022-04-18 02:05:49.515577 run_davinci.py test/intro-questions.txt_dir//4065/question.txt davinci_runs/test/first_stage/test_T1_0.6_K1_3/4065 0.6 3
Apr 18 02:06:15 completed: 66, completed question: test/intro-questions.txt_dir//4065/question.txt
Apr 18 02:06:15 4066
Apr 18 02:06:15 completed: 66, next question: test/intro-questions.txt_dir//4066/question.txt
Apr 18 02:06:15 output directory: davinci_runs/test/first_stage/test_T1_0.6_K1_3/4066
2022-04-18 02:06:16.060931 run_davinci.py test/intro-questions.txt_dir//4066/question.txt davinci_runs/test/first_stage/test_T1_0.6_K1_3/4066 0.6 3
Apr 18 02:06:51 completed: 67, completed question: test/intro-questions.txt_dir//4066/question.txt
Apr 18 02:06:52 4067
Apr 18 02:06:52 completed: 67, next question: test/intro-questions.txt_dir//4067/question.txt
Apr 18 02:06:52 output directory: davinci_runs/test/first_stage/test_T1_0.6_K1_3/4067
2022-04-18 02:06:52.353246 run_davinci.py test/intro-questions.txt_dir//4067/question.txt davinci_runs/test/first_stage/test_T1_0.6_K1_3/4067 0.6 3
Apr 18 02:07:22 completed: 68, completed question: test/intro-questions.txt_dir//4067/question.txt
Apr 18 02:07:22 4068
Apr 18 02:07:22 completed: 68, next question: test/intro-questions.txt_dir//4068/question.txt
Apr 18 02:07:22 output directory: davinci_runs/test/first_stage/test_T1_0.6_K1_3/4068
2022-04-18 02:07:22.929184 run_davinci.py test/intro-questions.txt_dir//4068/question.txt davinci_runs/test/first_stage/test_T1_0.6_K1_3/4068 0.6 3
Apr 18 02:07:56 completed: 69, completed question: test/intro-questions.txt_dir//4068/question.txt
Apr 18 02:07:56 4069
Apr 18 02:07:56 completed: 69, next question: test/intro-questions.txt_dir//4069/question.txt
Apr 18 02:07:56 output directory: davinci_runs/test/first_stage/test_T1_0.6_K1_3/4069
2022-04-18 02:07:56.545316 run_davinci.py test/intro-questions.txt_dir//4069/question.txt davinci_runs/test/first_stage/test_T1_0.6_K1_3/4069 0.6 3
Apr 18 02:08:26 completed: 70, completed question: test/intro-questions.txt_dir//4069/question.txt
Apr 18 02:08:26 4070
Apr 18 02:08:26 completed: 70, next question: test/intro-questions.txt_dir//4070/question.txt
Apr 18 02:08:26 output directory: davinci_runs/test/first_stage/test_T1_0.6_K1_3/4070
2022-04-18 02:08:26.489322 run_davinci.py test/intro-questions.txt_dir//4070/question.txt davinci_runs/test/first_stage/test_T1_0.6_K1_3/4070 0.6 3
Apr 18 02:08:50 completed: 71, completed question: test/intro-questions.txt_dir//4070/question.txt
Apr 18 02:08:50 4071
Apr 18 02:08:50 completed: 71, next question: test/intro-questions.txt_dir//4071/question.txt
Apr 18 02:08:50 output directory: davinci_runs/test/first_stage/test_T1_0.6_K1_3/4071
2022-04-18 02:08:50.842519 run_davinci.py test/intro-questions.txt_dir//4071/question.txt davinci_runs/test/first_stage/test_T1_0.6_K1_3/4071 0.6 3
Apr 18 02:09:14 completed: 72, completed question: test/intro-questions.txt_dir//4071/question.txt
Apr 18 02:09:14 4072
Apr 18 02:09:14 completed: 72, next question: test/intro-questions.txt_dir//4072/question.txt
Apr 18 02:09:14 output directory: davinci_runs/test/first_stage/test_T1_0.6_K1_3/4072
2022-04-18 02:09:15.084803 run_davinci.py test/intro-questions.txt_dir//4072/question.txt davinci_runs/test/first_stage/test_T1_0.6_K1_3/4072 0.6 3
Apr 18 02:09:37 completed: 73, completed question: test/intro-questions.txt_dir//4072/question.txt
Apr 18 02:09:37 4073
Apr 18 02:09:37 completed: 73, next question: test/intro-questions.txt_dir//4073/question.txt
Apr 18 02:09:37 output directory: davinci_runs/test/first_stage/test_T1_0.6_K1_3/4073
2022-04-18 02:09:37.469443 run_davinci.py test/intro-questions.txt_dir//4073/question.txt davinci_runs/test/first_stage/test_T1_0.6_K1_3/4073 0.6 3
Apr 18 02:10:07 completed: 74, completed question: test/intro-questions.txt_dir//4073/question.txt
Apr 18 02:10:07 4074
Apr 18 02:10:07 completed: 74, next question: test/intro-questions.txt_dir//4074/question.txt
Apr 18 02:10:07 output directory: davinci_runs/test/first_stage/test_T1_0.6_K1_3/4074
2022-04-18 02:10:07.550996 run_davinci.py test/intro-questions.txt_dir//4074/question.txt davinci_runs/test/first_stage/test_T1_0.6_K1_3/4074 0.6 3
Apr 18 02:10:36 completed: 75, completed question: test/intro-questions.txt_dir//4074/question.txt
Apr 18 02:10:36 4075
Apr 18 02:10:36 completed: 75, next question: test/intro-questions.txt_dir//4075/question.txt
Apr 18 02:10:36 output directory: davinci_runs/test/first_stage/test_T1_0.6_K1_3/4075
2022-04-18 02:10:36.958341 run_davinci.py test/intro-questions.txt_dir//4075/question.txt davinci_runs/test/first_stage/test_T1_0.6_K1_3/4075 0.6 3
Apr 18 02:11:21 completed: 76, completed question: test/intro-questions.txt_dir//4075/question.txt
Apr 18 02:11:21 4076
Apr 18 02:11:21 completed: 76, next question: test/intro-questions.txt_dir//4076/question.txt
Apr 18 02:11:21 output directory: davinci_runs/test/first_stage/test_T1_0.6_K1_3/4076
2022-04-18 02:11:21.932399 run_davinci.py test/intro-questions.txt_dir//4076/question.txt davinci_runs/test/first_stage/test_T1_0.6_K1_3/4076 0.6 3
Apr 18 02:11:53 completed: 77, completed question: test/intro-questions.txt_dir//4076/question.txt
Apr 18 02:11:53 4077
Apr 18 02:11:53 completed: 77, next question: test/intro-questions.txt_dir//4077/question.txt
Apr 18 02:11:53 output directory: davinci_runs/test/first_stage/test_T1_0.6_K1_3/4077
2022-04-18 02:11:53.404207 run_davinci.py test/intro-questions.txt_dir//4077/question.txt davinci_runs/test/first_stage/test_T1_0.6_K1_3/4077 0.6 3
Apr 18 02:12:28 completed: 78, completed question: test/intro-questions.txt_dir//4077/question.txt
Apr 18 02:12:28 4078
Apr 18 02:12:28 completed: 78, next question: test/intro-questions.txt_dir//4078/question.txt
Apr 18 02:12:28 output directory: davinci_runs/test/first_stage/test_T1_0.6_K1_3/4078
Traceback (most recent call last):
  File "run_davinci.py", line 129, in <module>
    run_davinci(path, out_dir)
  File "run_davinci.py", line 65, in run_davinci
    n=N_SOLUTIONS
  File "/opt/conda/lib/python3.7/site-packages/openai/api_resources/completion.py", line 31, in create
    return super().create(*args, **kwargs)
  File "/opt/conda/lib/python3.7/site-packages/openai/api_resources/abstract/engine_api_resource.py", line 106, in create
    request_id=request_id,
  File "/opt/conda/lib/python3.7/site-packages/openai/api_requestor.py", line 120, in request
    resp, got_stream = self._interpret_response(result, stream)
  File "/opt/conda/lib/python3.7/site-packages/openai/api_requestor.py", line 328, in _interpret_response
    result.content, result.status_code, result.headers, stream=False
  File "/opt/conda/lib/python3.7/site-packages/openai/api_requestor.py", line 361, in _interpret_response_line
    rbody, rcode, resp.data, rheaders, stream_error=stream_error
openai.error.InvalidRequestError: This model's maximum context length is 4001 tokens, however you requested 4162 tokens (962 in your prompt; 3200 for the completion). Please reduce your prompt; or completion length.
2022-04-18 02:12:28.779836 run_davinci.py test/intro-questions.txt_dir//4078/question.txt davinci_runs/test/first_stage/test_T1_0.6_K1_3/4078 0.6 3
Apr 18 02:12:29 completed: 79, completed question: test/intro-questions.txt_dir//4078/question.txt
Apr 18 02:12:29 4079
Apr 18 02:12:29 completed: 79, next question: test/intro-questions.txt_dir//4079/question.txt
Apr 18 02:12:29 output directory: davinci_runs/test/first_stage/test_T1_0.6_K1_3/4079
2022-04-18 02:12:29.383009 run_davinci.py test/intro-questions.txt_dir//4079/question.txt davinci_runs/test/first_stage/test_T1_0.6_K1_3/4079 0.6 3
Apr 18 02:12:55 completed: 80, completed question: test/intro-questions.txt_dir//4079/question.txt
Apr 18 02:12:55 4080
Apr 18 02:12:55 completed: 80, next question: test/intro-questions.txt_dir//4080/question.txt
Apr 18 02:12:55 output directory: davinci_runs/test/first_stage/test_T1_0.6_K1_3/4080
Traceback (most recent call last):
  File "run_davinci.py", line 129, in <module>
    run_davinci(path, out_dir)
  File "run_davinci.py", line 65, in run_davinci
    n=N_SOLUTIONS
  File "/opt/conda/lib/python3.7/site-packages/openai/api_resources/completion.py", line 31, in create
    return super().create(*args, **kwargs)
  File "/opt/conda/lib/python3.7/site-packages/openai/api_resources/abstract/engine_api_resource.py", line 106, in create
    request_id=request_id,
  File "/opt/conda/lib/python3.7/site-packages/openai/api_requestor.py", line 120, in request
    resp, got_stream = self._interpret_response(result, stream)
  File "/opt/conda/lib/python3.7/site-packages/openai/api_requestor.py", line 328, in _interpret_response
    result.content, result.status_code, result.headers, stream=False
  File "/opt/conda/lib/python3.7/site-packages/openai/api_requestor.py", line 361, in _interpret_response_line
    rbody, rcode, resp.data, rheaders, stream_error=stream_error
openai.error.InvalidRequestError: This model's maximum context length is 4001 tokens, however you requested 4164 tokens (964 in your prompt; 3200 for the completion). Please reduce your prompt; or completion length.
2022-04-18 02:12:55.762764 run_davinci.py test/intro-questions.txt_dir//4080/question.txt davinci_runs/test/first_stage/test_T1_0.6_K1_3/4080 0.6 3
Apr 18 02:12:55 completed: 81, completed question: test/intro-questions.txt_dir//4080/question.txt
Apr 18 02:12:55 4081
Apr 18 02:12:56 completed: 81, next question: test/intro-questions.txt_dir//4081/question.txt
Apr 18 02:12:56 output directory: davinci_runs/test/first_stage/test_T1_0.6_K1_3/4081
2022-04-18 02:12:56.323093 run_davinci.py test/intro-questions.txt_dir//4081/question.txt davinci_runs/test/first_stage/test_T1_0.6_K1_3/4081 0.6 3
Apr 18 02:13:35 completed: 82, completed question: test/intro-questions.txt_dir//4081/question.txt
Apr 18 02:13:35 4082
Apr 18 02:13:35 completed: 82, next question: test/intro-questions.txt_dir//4082/question.txt
Apr 18 02:13:35 output directory: davinci_runs/test/first_stage/test_T1_0.6_K1_3/4082
2022-04-18 02:13:36.036788 run_davinci.py test/intro-questions.txt_dir//4082/question.txt davinci_runs/test/first_stage/test_T1_0.6_K1_3/4082 0.6 3
Apr 18 02:14:05 completed: 83, completed question: test/intro-questions.txt_dir//4082/question.txt
Apr 18 02:14:05 4083
Apr 18 02:14:05 completed: 83, next question: test/intro-questions.txt_dir//4083/question.txt
Apr 18 02:14:05 output directory: davinci_runs/test/first_stage/test_T1_0.6_K1_3/4083
2022-04-18 02:14:05.697699 run_davinci.py test/intro-questions.txt_dir//4083/question.txt davinci_runs/test/first_stage/test_T1_0.6_K1_3/4083 0.6 3
Apr 18 02:14:32 completed: 84, completed question: test/intro-questions.txt_dir//4083/question.txt
Apr 18 02:14:32 4084
Apr 18 02:14:32 completed: 84, next question: test/intro-questions.txt_dir//4084/question.txt
Apr 18 02:14:32 output directory: davinci_runs/test/first_stage/test_T1_0.6_K1_3/4084
2022-04-18 02:14:32.630517 run_davinci.py test/intro-questions.txt_dir//4084/question.txt davinci_runs/test/first_stage/test_T1_0.6_K1_3/4084 0.6 3
Apr 18 02:14:59 completed: 85, completed question: test/intro-questions.txt_dir//4084/question.txt
Apr 18 02:14:59 4085
Apr 18 02:14:59 completed: 85, next question: test/intro-questions.txt_dir//4085/question.txt
Apr 18 02:14:59 output directory: davinci_runs/test/first_stage/test_T1_0.6_K1_3/4085
2022-04-18 02:14:59.647227 run_davinci.py test/intro-questions.txt_dir//4085/question.txt davinci_runs/test/first_stage/test_T1_0.6_K1_3/4085 0.6 3
Apr 18 02:15:25 completed: 86, completed question: test/intro-questions.txt_dir//4085/question.txt
Apr 18 02:15:25 4086
Apr 18 02:15:25 completed: 86, next question: test/intro-questions.txt_dir//4086/question.txt
Apr 18 02:15:25 output directory: davinci_runs/test/first_stage/test_T1_0.6_K1_3/4086
2022-04-18 02:15:25.815880 run_davinci.py test/intro-questions.txt_dir//4086/question.txt davinci_runs/test/first_stage/test_T1_0.6_K1_3/4086 0.6 3
Apr 18 02:15:50 completed: 87, completed question: test/intro-questions.txt_dir//4086/question.txt
Apr 18 02:15:50 4087
Apr 18 02:15:50 completed: 87, next question: test/intro-questions.txt_dir//4087/question.txt
Apr 18 02:15:50 output directory: davinci_runs/test/first_stage/test_T1_0.6_K1_3/4087
2022-04-18 02:15:50.612704 run_davinci.py test/intro-questions.txt_dir//4087/question.txt davinci_runs/test/first_stage/test_T1_0.6_K1_3/4087 0.6 3
Apr 18 02:16:20 completed: 88, completed question: test/intro-questions.txt_dir//4087/question.txt
Apr 18 02:16:20 4088
Apr 18 02:16:20 completed: 88, next question: test/intro-questions.txt_dir//4088/question.txt
Apr 18 02:16:20 output directory: davinci_runs/test/first_stage/test_T1_0.6_K1_3/4088
Traceback (most recent call last):
  File "run_davinci.py", line 129, in <module>
    run_davinci(path, out_dir)
  File "run_davinci.py", line 65, in run_davinci
    n=N_SOLUTIONS
  File "/opt/conda/lib/python3.7/site-packages/openai/api_resources/completion.py", line 31, in create
    return super().create(*args, **kwargs)
  File "/opt/conda/lib/python3.7/site-packages/openai/api_resources/abstract/engine_api_resource.py", line 106, in create
    request_id=request_id,
  File "/opt/conda/lib/python3.7/site-packages/openai/api_requestor.py", line 120, in request
    resp, got_stream = self._interpret_response(result, stream)
  File "/opt/conda/lib/python3.7/site-packages/openai/api_requestor.py", line 328, in _interpret_response
    result.content, result.status_code, result.headers, stream=False
  File "/opt/conda/lib/python3.7/site-packages/openai/api_requestor.py", line 361, in _interpret_response_line
    rbody, rcode, resp.data, rheaders, stream_error=stream_error
openai.error.InvalidRequestError: This model's maximum context length is 4001 tokens, however you requested 4187 tokens (987 in your prompt; 3200 for the completion). Please reduce your prompt; or completion length.
2022-04-18 02:16:20.643116 run_davinci.py test/intro-questions.txt_dir//4088/question.txt davinci_runs/test/first_stage/test_T1_0.6_K1_3/4088 0.6 3
Apr 18 02:16:20 completed: 89, completed question: test/intro-questions.txt_dir//4088/question.txt
Apr 18 02:16:20 4089
Apr 18 02:16:20 completed: 89, next question: test/intro-questions.txt_dir//4089/question.txt
Apr 18 02:16:20 output directory: davinci_runs/test/first_stage/test_T1_0.6_K1_3/4089
2022-04-18 02:16:21.245340 run_davinci.py test/intro-questions.txt_dir//4089/question.txt davinci_runs/test/first_stage/test_T1_0.6_K1_3/4089 0.6 3
Apr 18 02:18:01 completed: 90, completed question: test/intro-questions.txt_dir//4089/question.txt
Apr 18 02:18:01 4090
Apr 18 02:18:01 completed: 90, next question: test/intro-questions.txt_dir//4090/question.txt
Apr 18 02:18:01 output directory: davinci_runs/test/first_stage/test_T1_0.6_K1_3/4090
2022-04-18 02:18:02.378792 run_davinci.py test/intro-questions.txt_dir//4090/question.txt davinci_runs/test/first_stage/test_T1_0.6_K1_3/4090 0.6 3
Apr 18 02:18:48 completed: 91, completed question: test/intro-questions.txt_dir//4090/question.txt
Apr 18 02:18:48 4091
Apr 18 02:18:48 completed: 91, next question: test/intro-questions.txt_dir//4091/question.txt
Apr 18 02:18:48 output directory: davinci_runs/test/first_stage/test_T1_0.6_K1_3/4091
Traceback (most recent call last):
  File "run_davinci.py", line 129, in <module>
    run_davinci(path, out_dir)
  File "run_davinci.py", line 65, in run_davinci
    n=N_SOLUTIONS
  File "/opt/conda/lib/python3.7/site-packages/openai/api_resources/completion.py", line 31, in create
    return super().create(*args, **kwargs)
  File "/opt/conda/lib/python3.7/site-packages/openai/api_resources/abstract/engine_api_resource.py", line 106, in create
    request_id=request_id,
  File "/opt/conda/lib/python3.7/site-packages/openai/api_requestor.py", line 120, in request
    resp, got_stream = self._interpret_response(result, stream)
  File "/opt/conda/lib/python3.7/site-packages/openai/api_requestor.py", line 328, in _interpret_response
    result.content, result.status_code, result.headers, stream=False
  File "/opt/conda/lib/python3.7/site-packages/openai/api_requestor.py", line 361, in _interpret_response_line
    rbody, rcode, resp.data, rheaders, stream_error=stream_error
openai.error.InvalidRequestError: This model's maximum context length is 4001 tokens, however you requested 4008 tokens (808 in your prompt; 3200 for the completion). Please reduce your prompt; or completion length.
2022-04-18 02:18:49.257290 run_davinci.py test/intro-questions.txt_dir//4091/question.txt davinci_runs/test/first_stage/test_T1_0.6_K1_3/4091 0.6 3
Apr 18 02:18:49 completed: 92, completed question: test/intro-questions.txt_dir//4091/question.txt
Apr 18 02:18:49 4092
Apr 18 02:18:49 completed: 92, next question: test/intro-questions.txt_dir//4092/question.txt
Apr 18 02:18:49 output directory: davinci_runs/test/first_stage/test_T1_0.6_K1_3/4092
2022-04-18 02:18:49.893203 run_davinci.py test/intro-questions.txt_dir//4092/question.txt davinci_runs/test/first_stage/test_T1_0.6_K1_3/4092 0.6 3
Apr 18 02:20:26 completed: 93, completed question: test/intro-questions.txt_dir//4092/question.txt
Apr 18 02:20:26 4093
Apr 18 02:20:26 completed: 93, next question: test/intro-questions.txt_dir//4093/question.txt
Apr 18 02:20:26 output directory: davinci_runs/test/first_stage/test_T1_0.6_K1_3/4093
2022-04-18 02:20:26.472558 run_davinci.py test/intro-questions.txt_dir//4093/question.txt davinci_runs/test/first_stage/test_T1_0.6_K1_3/4093 0.6 3
Apr 18 02:20:54 completed: 94, completed question: test/intro-questions.txt_dir//4093/question.txt
Apr 18 02:20:54 4094
Apr 18 02:20:54 completed: 94, next question: test/intro-questions.txt_dir//4094/question.txt
Apr 18 02:20:54 output directory: davinci_runs/test/first_stage/test_T1_0.6_K1_3/4094
2022-04-18 02:20:55.016047 run_davinci.py test/intro-questions.txt_dir//4094/question.txt davinci_runs/test/first_stage/test_T1_0.6_K1_3/4094 0.6 3
Apr 18 02:21:18 completed: 95, completed question: test/intro-questions.txt_dir//4094/question.txt
Apr 18 02:21:18 4095
Apr 18 02:21:19 completed: 95, next question: test/intro-questions.txt_dir//4095/question.txt
Apr 18 02:21:19 output directory: davinci_runs/test/first_stage/test_T1_0.6_K1_3/4095
2022-04-18 02:21:19.312712 run_davinci.py test/intro-questions.txt_dir//4095/question.txt davinci_runs/test/first_stage/test_T1_0.6_K1_3/4095 0.6 3
Apr 18 02:21:56 completed: 96, completed question: test/intro-questions.txt_dir//4095/question.txt
Apr 18 02:21:56 4096
Apr 18 02:21:56 completed: 96, next question: test/intro-questions.txt_dir//4096/question.txt
Apr 18 02:21:56 output directory: davinci_runs/test/first_stage/test_T1_0.6_K1_3/4096
Traceback (most recent call last):
  File "run_davinci.py", line 129, in <module>
    run_davinci(path, out_dir)
  File "run_davinci.py", line 65, in run_davinci
    n=N_SOLUTIONS
  File "/opt/conda/lib/python3.7/site-packages/openai/api_resources/completion.py", line 31, in create
    return super().create(*args, **kwargs)
  File "/opt/conda/lib/python3.7/site-packages/openai/api_resources/abstract/engine_api_resource.py", line 106, in create
    request_id=request_id,
  File "/opt/conda/lib/python3.7/site-packages/openai/api_requestor.py", line 120, in request
    resp, got_stream = self._interpret_response(result, stream)
  File "/opt/conda/lib/python3.7/site-packages/openai/api_requestor.py", line 328, in _interpret_response
    result.content, result.status_code, result.headers, stream=False
  File "/opt/conda/lib/python3.7/site-packages/openai/api_requestor.py", line 361, in _interpret_response_line
    rbody, rcode, resp.data, rheaders, stream_error=stream_error
openai.error.InvalidRequestError: This model's maximum context length is 4001 tokens, however you requested 4220 tokens (1020 in your prompt; 3200 for the completion). Please reduce your prompt; or completion length.
2022-04-18 02:21:57.044117 run_davinci.py test/intro-questions.txt_dir//4096/question.txt davinci_runs/test/first_stage/test_T1_0.6_K1_3/4096 0.6 3
Apr 18 02:21:57 completed: 97, completed question: test/intro-questions.txt_dir//4096/question.txt
Apr 18 02:21:57 4097
Apr 18 02:21:57 completed: 97, next question: test/intro-questions.txt_dir//4097/question.txt
Apr 18 02:21:57 output directory: davinci_runs/test/first_stage/test_T1_0.6_K1_3/4097
2022-04-18 02:21:57.653694 run_davinci.py test/intro-questions.txt_dir//4097/question.txt davinci_runs/test/first_stage/test_T1_0.6_K1_3/4097 0.6 3
Apr 18 02:22:34 completed: 98, completed question: test/intro-questions.txt_dir//4097/question.txt
Apr 18 02:22:34 4098
Apr 18 02:22:34 completed: 98, next question: test/intro-questions.txt_dir//4098/question.txt
Apr 18 02:22:34 output directory: davinci_runs/test/first_stage/test_T1_0.6_K1_3/4098
2022-04-18 02:22:35.146529 run_davinci.py test/intro-questions.txt_dir//4098/question.txt davinci_runs/test/first_stage/test_T1_0.6_K1_3/4098 0.6 3
Apr 18 02:23:12 completed: 99, completed question: test/intro-questions.txt_dir//4098/question.txt
Apr 18 02:23:12 4099
Apr 18 02:23:12 completed: 99, next question: test/intro-questions.txt_dir//4099/question.txt
Apr 18 02:23:12 output directory: davinci_runs/test/first_stage/test_T1_0.6_K1_3/4099
2022-04-18 02:23:12.926317 run_davinci.py test/intro-questions.txt_dir//4099/question.txt davinci_runs/test/first_stage/test_T1_0.6_K1_3/4099 0.6 3
Apr 18 02:23:50 completed: 100, completed question: test/intro-questions.txt_dir//4099/question.txt
Apr 18 02:23:50 4100
Apr 18 02:23:50 completed: 100, next question: test/intro-questions.txt_dir//4100/question.txt
Apr 18 02:23:50 output directory: davinci_runs/test/first_stage/test_T1_0.6_K1_3/4100
2022-04-18 02:23:51.248411 run_davinci.py test/intro-questions.txt_dir//4100/question.txt davinci_runs/test/first_stage/test_T1_0.6_K1_3/4100 0.6 3
Apr 18 02:24:15 completed: 101, completed question: test/intro-questions.txt_dir//4100/question.txt
Apr 18 02:24:15 4101
Apr 18 02:24:15 completed: 101, next question: test/intro-questions.txt_dir//4101/question.txt
Apr 18 02:24:15 output directory: davinci_runs/test/first_stage/test_T1_0.6_K1_3/4101
2022-04-18 02:24:15.747816 run_davinci.py test/intro-questions.txt_dir//4101/question.txt davinci_runs/test/first_stage/test_T1_0.6_K1_3/4101 0.6 3
Apr 18 02:25:07 completed: 102, completed question: test/intro-questions.txt_dir//4101/question.txt
Apr 18 02:25:08 4102
Apr 18 02:25:08 completed: 102, next question: test/intro-questions.txt_dir//4102/question.txt
Apr 18 02:25:08 output directory: davinci_runs/test/first_stage/test_T1_0.6_K1_3/4102
2022-04-18 02:25:08.423273 run_davinci.py test/intro-questions.txt_dir//4102/question.txt davinci_runs/test/first_stage/test_T1_0.6_K1_3/4102 0.6 3
Apr 18 02:25:34 completed: 103, completed question: test/intro-questions.txt_dir//4102/question.txt
Apr 18 02:25:34 4103
Apr 18 02:25:34 completed: 103, next question: test/intro-questions.txt_dir//4103/question.txt
Apr 18 02:25:34 output directory: davinci_runs/test/first_stage/test_T1_0.6_K1_3/4103
2022-04-18 02:25:34.739604 run_davinci.py test/intro-questions.txt_dir//4103/question.txt davinci_runs/test/first_stage/test_T1_0.6_K1_3/4103 0.6 3
Apr 18 02:26:13 completed: 104, completed question: test/intro-questions.txt_dir//4103/question.txt
Apr 18 02:26:13 4104
Apr 18 02:26:13 completed: 104, next question: test/intro-questions.txt_dir//4104/question.txt
Apr 18 02:26:13 output directory: davinci_runs/test/first_stage/test_T1_0.6_K1_3/4104
2022-04-18 02:26:13.380990 run_davinci.py test/intro-questions.txt_dir//4104/question.txt davinci_runs/test/first_stage/test_T1_0.6_K1_3/4104 0.6 3
Apr 18 02:26:44 completed: 105, completed question: test/intro-questions.txt_dir//4104/question.txt
Apr 18 02:26:44 4105
Apr 18 02:26:44 completed: 105, next question: test/intro-questions.txt_dir//4105/question.txt
Apr 18 02:26:44 output directory: davinci_runs/test/first_stage/test_T1_0.6_K1_3/4105
Traceback (most recent call last):
  File "run_davinci.py", line 129, in <module>
    run_davinci(path, out_dir)
  File "run_davinci.py", line 65, in run_davinci
    n=N_SOLUTIONS
  File "/opt/conda/lib/python3.7/site-packages/openai/api_resources/completion.py", line 31, in create
    return super().create(*args, **kwargs)
  File "/opt/conda/lib/python3.7/site-packages/openai/api_resources/abstract/engine_api_resource.py", line 106, in create
    request_id=request_id,
  File "/opt/conda/lib/python3.7/site-packages/openai/api_requestor.py", line 120, in request
    resp, got_stream = self._interpret_response(result, stream)
  File "/opt/conda/lib/python3.7/site-packages/openai/api_requestor.py", line 328, in _interpret_response
    result.content, result.status_code, result.headers, stream=False
  File "/opt/conda/lib/python3.7/site-packages/openai/api_requestor.py", line 361, in _interpret_response_line
    rbody, rcode, resp.data, rheaders, stream_error=stream_error
openai.error.InvalidRequestError: This model's maximum context length is 4001 tokens, however you requested 4116 tokens (916 in your prompt; 3200 for the completion). Please reduce your prompt; or completion length.
2022-04-18 02:26:44.869757 run_davinci.py test/intro-questions.txt_dir//4105/question.txt davinci_runs/test/first_stage/test_T1_0.6_K1_3/4105 0.6 3
Apr 18 02:26:45 completed: 106, completed question: test/intro-questions.txt_dir//4105/question.txt
Apr 18 02:26:45 4106
Apr 18 02:26:45 completed: 106, next question: test/intro-questions.txt_dir//4106/question.txt
Apr 18 02:26:45 output directory: davinci_runs/test/first_stage/test_T1_0.6_K1_3/4106
2022-04-18 02:26:45.601552 run_davinci.py test/intro-questions.txt_dir//4106/question.txt davinci_runs/test/first_stage/test_T1_0.6_K1_3/4106 0.6 3
Apr 18 02:27:47 completed: 107, completed question: test/intro-questions.txt_dir//4106/question.txt
Apr 18 02:27:47 4107
Apr 18 02:27:47 completed: 107, next question: test/intro-questions.txt_dir//4107/question.txt
Apr 18 02:27:47 output directory: davinci_runs/test/first_stage/test_T1_0.6_K1_3/4107
2022-04-18 02:27:48.197302 run_davinci.py test/intro-questions.txt_dir//4107/question.txt davinci_runs/test/first_stage/test_T1_0.6_K1_3/4107 0.6 3
Apr 18 02:28:34 completed: 108, completed question: test/intro-questions.txt_dir//4107/question.txt
Apr 18 02:28:34 4108
Apr 18 02:28:34 completed: 108, next question: test/intro-questions.txt_dir//4108/question.txt
Apr 18 02:28:34 output directory: davinci_runs/test/first_stage/test_T1_0.6_K1_3/4108
2022-04-18 02:28:34.873769 run_davinci.py test/intro-questions.txt_dir//4108/question.txt davinci_runs/test/first_stage/test_T1_0.6_K1_3/4108 0.6 3
Apr 18 02:30:13 completed: 109, completed question: test/intro-questions.txt_dir//4108/question.txt
Apr 18 02:30:13 4109
Apr 18 02:30:13 completed: 109, next question: test/intro-questions.txt_dir//4109/question.txt
Apr 18 02:30:13 output directory: davinci_runs/test/first_stage/test_T1_0.6_K1_3/4109
2022-04-18 02:30:14.243066 run_davinci.py test/intro-questions.txt_dir//4109/question.txt davinci_runs/test/first_stage/test_T1_0.6_K1_3/4109 0.6 3
Apr 18 02:31:01 completed: 110, completed question: test/intro-questions.txt_dir//4109/question.txt
Apr 18 02:31:01 4110
Apr 18 02:31:01 completed: 110, next question: test/intro-questions.txt_dir//4110/question.txt
Apr 18 02:31:01 output directory: davinci_runs/test/first_stage/test_T1_0.6_K1_3/4110
2022-04-18 02:31:02.259986 run_davinci.py test/intro-questions.txt_dir//4110/question.txt davinci_runs/test/first_stage/test_T1_0.6_K1_3/4110 0.6 3
Apr 18 02:31:36 completed: 111, completed question: test/intro-questions.txt_dir//4110/question.txt
Apr 18 02:31:36 4111
Apr 18 02:31:36 completed: 111, next question: test/intro-questions.txt_dir//4111/question.txt
Apr 18 02:31:36 output directory: davinci_runs/test/first_stage/test_T1_0.6_K1_3/4111
Traceback (most recent call last):
  File "run_davinci.py", line 129, in <module>
    run_davinci(path, out_dir)
  File "run_davinci.py", line 65, in run_davinci
    n=N_SOLUTIONS
  File "/opt/conda/lib/python3.7/site-packages/openai/api_resources/completion.py", line 31, in create
    return super().create(*args, **kwargs)
  File "/opt/conda/lib/python3.7/site-packages/openai/api_resources/abstract/engine_api_resource.py", line 106, in create
    request_id=request_id,
  File "/opt/conda/lib/python3.7/site-packages/openai/api_requestor.py", line 120, in request
    resp, got_stream = self._interpret_response(result, stream)
  File "/opt/conda/lib/python3.7/site-packages/openai/api_requestor.py", line 328, in _interpret_response
    result.content, result.status_code, result.headers, stream=False
  File "/opt/conda/lib/python3.7/site-packages/openai/api_requestor.py", line 361, in _interpret_response_line
    rbody, rcode, resp.data, rheaders, stream_error=stream_error
openai.error.InvalidRequestError: This model's maximum context length is 4001 tokens, however you requested 4207 tokens (1007 in your prompt; 3200 for the completion). Please reduce your prompt; or completion length.
2022-04-18 02:31:36.385484 run_davinci.py test/intro-questions.txt_dir//4111/question.txt davinci_runs/test/first_stage/test_T1_0.6_K1_3/4111 0.6 3
Apr 18 02:31:36 completed: 112, completed question: test/intro-questions.txt_dir//4111/question.txt
Apr 18 02:31:36 4112
Apr 18 02:31:36 completed: 112, next question: test/intro-questions.txt_dir//4112/question.txt
Apr 18 02:31:36 output directory: davinci_runs/test/first_stage/test_T1_0.6_K1_3/4112
2022-04-18 02:31:37.002892 run_davinci.py test/intro-questions.txt_dir//4112/question.txt davinci_runs/test/first_stage/test_T1_0.6_K1_3/4112 0.6 3
Apr 18 02:32:19 completed: 113, completed question: test/intro-questions.txt_dir//4112/question.txt
Apr 18 02:32:19 4113
Apr 18 02:32:19 completed: 113, next question: test/intro-questions.txt_dir//4113/question.txt
Apr 18 02:32:19 output directory: davinci_runs/test/first_stage/test_T1_0.6_K1_3/4113
2022-04-18 02:32:20.216045 run_davinci.py test/intro-questions.txt_dir//4113/question.txt davinci_runs/test/first_stage/test_T1_0.6_K1_3/4113 0.6 3
Apr 18 02:32:46 completed: 114, completed question: test/intro-questions.txt_dir//4113/question.txt
Apr 18 02:32:46 4114
Apr 18 02:32:46 completed: 114, next question: test/intro-questions.txt_dir//4114/question.txt
Apr 18 02:32:46 output directory: davinci_runs/test/first_stage/test_T1_0.6_K1_3/4114
2022-04-18 02:32:46.895261 run_davinci.py test/intro-questions.txt_dir//4114/question.txt davinci_runs/test/first_stage/test_T1_0.6_K1_3/4114 0.6 3
Apr 18 02:33:17 completed: 115, completed question: test/intro-questions.txt_dir//4114/question.txt
Apr 18 02:33:18 4115
Apr 18 02:33:18 completed: 115, next question: test/intro-questions.txt_dir//4115/question.txt
Apr 18 02:33:18 output directory: davinci_runs/test/first_stage/test_T1_0.6_K1_3/4115
2022-04-18 02:33:18.334123 run_davinci.py test/intro-questions.txt_dir//4115/question.txt davinci_runs/test/first_stage/test_T1_0.6_K1_3/4115 0.6 3
Apr 18 02:33:54 completed: 116, completed question: test/intro-questions.txt_dir//4115/question.txt
Apr 18 02:33:54 4116
Apr 18 02:33:54 completed: 116, next question: test/intro-questions.txt_dir//4116/question.txt
Apr 18 02:33:54 output directory: davinci_runs/test/first_stage/test_T1_0.6_K1_3/4116
2022-04-18 02:33:54.877866 run_davinci.py test/intro-questions.txt_dir//4116/question.txt davinci_runs/test/first_stage/test_T1_0.6_K1_3/4116 0.6 3
Apr 18 02:34:18 completed: 117, completed question: test/intro-questions.txt_dir//4116/question.txt
Apr 18 02:34:18 4117
Apr 18 02:34:18 completed: 117, next question: test/intro-questions.txt_dir//4117/question.txt
Apr 18 02:34:18 output directory: davinci_runs/test/first_stage/test_T1_0.6_K1_3/4117
2022-04-18 02:34:18.490927 run_davinci.py test/intro-questions.txt_dir//4117/question.txt davinci_runs/test/first_stage/test_T1_0.6_K1_3/4117 0.6 3
Apr 18 02:35:05 completed: 118, completed question: test/intro-questions.txt_dir//4117/question.txt
Apr 18 02:35:06 4118
Apr 18 02:35:06 completed: 118, next question: test/intro-questions.txt_dir//4118/question.txt
Apr 18 02:35:06 output directory: davinci_runs/test/first_stage/test_T1_0.6_K1_3/4118
2022-04-18 02:35:06.351438 run_davinci.py test/intro-questions.txt_dir//4118/question.txt davinci_runs/test/first_stage/test_T1_0.6_K1_3/4118 0.6 3
Apr 18 02:35:42 completed: 119, completed question: test/intro-questions.txt_dir//4118/question.txt
Apr 18 02:35:42 4119
Apr 18 02:35:42 completed: 119, next question: test/intro-questions.txt_dir//4119/question.txt
Apr 18 02:35:42 output directory: davinci_runs/test/first_stage/test_T1_0.6_K1_3/4119
2022-04-18 02:35:42.825241 run_davinci.py test/intro-questions.txt_dir//4119/question.txt davinci_runs/test/first_stage/test_T1_0.6_K1_3/4119 0.6 3
Apr 18 02:36:11 completed: 120, completed question: test/intro-questions.txt_dir//4119/question.txt
Apr 18 02:36:11 4120
Apr 18 02:36:11 completed: 120, next question: test/intro-questions.txt_dir//4120/question.txt
Apr 18 02:36:11 output directory: davinci_runs/test/first_stage/test_T1_0.6_K1_3/4120
Traceback (most recent call last):
  File "run_davinci.py", line 129, in <module>
    run_davinci(path, out_dir)
  File "run_davinci.py", line 65, in run_davinci
    n=N_SOLUTIONS
  File "/opt/conda/lib/python3.7/site-packages/openai/api_resources/completion.py", line 31, in create
    return super().create(*args, **kwargs)
  File "/opt/conda/lib/python3.7/site-packages/openai/api_resources/abstract/engine_api_resource.py", line 106, in create
    request_id=request_id,
  File "/opt/conda/lib/python3.7/site-packages/openai/api_requestor.py", line 120, in request
    resp, got_stream = self._interpret_response(result, stream)
  File "/opt/conda/lib/python3.7/site-packages/openai/api_requestor.py", line 328, in _interpret_response
    result.content, result.status_code, result.headers, stream=False
  File "/opt/conda/lib/python3.7/site-packages/openai/api_requestor.py", line 361, in _interpret_response_line
    rbody, rcode, resp.data, rheaders, stream_error=stream_error
openai.error.InvalidRequestError: This model's maximum context length is 4001 tokens, however you requested 4111 tokens (911 in your prompt; 3200 for the completion). Please reduce your prompt; or completion length.
2022-04-18 02:36:11.588609 run_davinci.py test/intro-questions.txt_dir//4120/question.txt davinci_runs/test/first_stage/test_T1_0.6_K1_3/4120 0.6 3
Apr 18 02:36:11 completed: 121, completed question: test/intro-questions.txt_dir//4120/question.txt
Apr 18 02:36:11 4121
Apr 18 02:36:11 completed: 121, next question: test/intro-questions.txt_dir//4121/question.txt
Apr 18 02:36:11 output directory: davinci_runs/test/first_stage/test_T1_0.6_K1_3/4121
2022-04-18 02:36:12.138039 run_davinci.py test/intro-questions.txt_dir//4121/question.txt davinci_runs/test/first_stage/test_T1_0.6_K1_3/4121 0.6 3
Apr 18 02:36:37 completed: 122, completed question: test/intro-questions.txt_dir//4121/question.txt
Apr 18 02:36:37 4122
Apr 18 02:36:38 completed: 122, next question: test/intro-questions.txt_dir//4122/question.txt
Apr 18 02:36:38 output directory: davinci_runs/test/first_stage/test_T1_0.6_K1_3/4122
2022-04-18 02:36:38.323378 run_davinci.py test/intro-questions.txt_dir//4122/question.txt davinci_runs/test/first_stage/test_T1_0.6_K1_3/4122 0.6 3
Apr 18 02:37:00 completed: 123, completed question: test/intro-questions.txt_dir//4122/question.txt
Apr 18 02:37:00 4123
Apr 18 02:37:00 completed: 123, next question: test/intro-questions.txt_dir//4123/question.txt
Apr 18 02:37:00 output directory: davinci_runs/test/first_stage/test_T1_0.6_K1_3/4123
2022-04-18 02:37:01.026395 run_davinci.py test/intro-questions.txt_dir//4123/question.txt davinci_runs/test/first_stage/test_T1_0.6_K1_3/4123 0.6 3
Apr 18 02:37:26 completed: 124, completed question: test/intro-questions.txt_dir//4123/question.txt
Apr 18 02:37:26 4124
Apr 18 02:37:26 completed: 124, next question: test/intro-questions.txt_dir//4124/question.txt
Apr 18 02:37:26 output directory: davinci_runs/test/first_stage/test_T1_0.6_K1_3/4124
2022-04-18 02:37:27.043003 run_davinci.py test/intro-questions.txt_dir//4124/question.txt davinci_runs/test/first_stage/test_T1_0.6_K1_3/4124 0.6 3
Apr 18 02:37:57 completed: 125, completed question: test/intro-questions.txt_dir//4124/question.txt
Apr 18 02:37:57 4125
Apr 18 02:37:57 completed: 125, next question: test/intro-questions.txt_dir//4125/question.txt
Apr 18 02:37:57 output directory: davinci_runs/test/first_stage/test_T1_0.6_K1_3/4125
2022-04-18 02:37:58.192719 run_davinci.py test/intro-questions.txt_dir//4125/question.txt davinci_runs/test/first_stage/test_T1_0.6_K1_3/4125 0.6 3
Apr 18 02:38:25 completed: 126, completed question: test/intro-questions.txt_dir//4125/question.txt
Apr 18 02:38:25 4126
Apr 18 02:38:25 completed: 126, next question: test/intro-questions.txt_dir//4126/question.txt
Apr 18 02:38:25 output directory: davinci_runs/test/first_stage/test_T1_0.6_K1_3/4126
2022-04-18 02:38:25.508236 run_davinci.py test/intro-questions.txt_dir//4126/question.txt davinci_runs/test/first_stage/test_T1_0.6_K1_3/4126 0.6 3
Apr 18 02:38:50 completed: 127, completed question: test/intro-questions.txt_dir//4126/question.txt
Apr 18 02:38:50 4127
Apr 18 02:38:51 completed: 127, next question: test/intro-questions.txt_dir//4127/question.txt
Apr 18 02:38:51 output directory: davinci_runs/test/first_stage/test_T1_0.6_K1_3/4127
2022-04-18 02:38:51.335921 run_davinci.py test/intro-questions.txt_dir//4127/question.txt davinci_runs/test/first_stage/test_T1_0.6_K1_3/4127 0.6 3
Apr 18 02:39:13 completed: 128, completed question: test/intro-questions.txt_dir//4127/question.txt
Apr 18 02:39:13 4128
Apr 18 02:39:13 completed: 128, next question: test/intro-questions.txt_dir//4128/question.txt
Apr 18 02:39:13 output directory: davinci_runs/test/first_stage/test_T1_0.6_K1_3/4128
2022-04-18 02:39:13.729081 run_davinci.py test/intro-questions.txt_dir//4128/question.txt davinci_runs/test/first_stage/test_T1_0.6_K1_3/4128 0.6 3
Apr 18 02:39:42 completed: 129, completed question: test/intro-questions.txt_dir//4128/question.txt
Apr 18 02:39:42 4129
Apr 18 02:39:42 completed: 129, next question: test/intro-questions.txt_dir//4129/question.txt
Apr 18 02:39:42 output directory: davinci_runs/test/first_stage/test_T1_0.6_K1_3/4129
2022-04-18 02:39:42.700485 run_davinci.py test/intro-questions.txt_dir//4129/question.txt davinci_runs/test/first_stage/test_T1_0.6_K1_3/4129 0.6 3
Apr 18 02:40:14 completed: 130, completed question: test/intro-questions.txt_dir//4129/question.txt
Apr 18 02:40:14 4130
Apr 18 02:40:14 completed: 130, next question: test/intro-questions.txt_dir//4130/question.txt
Apr 18 02:40:14 output directory: davinci_runs/test/first_stage/test_T1_0.6_K1_3/4130
2022-04-18 02:40:14.644872 run_davinci.py test/intro-questions.txt_dir//4130/question.txt davinci_runs/test/first_stage/test_T1_0.6_K1_3/4130 0.6 3
Apr 18 02:41:51 completed: 131, completed question: test/intro-questions.txt_dir//4130/question.txt
Apr 18 02:41:51 4131
Apr 18 02:41:51 completed: 131, next question: test/intro-questions.txt_dir//4131/question.txt
Apr 18 02:41:51 output directory: davinci_runs/test/first_stage/test_T1_0.6_K1_3/4131
2022-04-18 02:41:51.673534 run_davinci.py test/intro-questions.txt_dir//4131/question.txt davinci_runs/test/first_stage/test_T1_0.6_K1_3/4131 0.6 3
Apr 18 02:43:13 completed: 132, completed question: test/intro-questions.txt_dir//4131/question.txt
Apr 18 02:43:13 4132
Apr 18 02:43:13 completed: 132, next question: test/intro-questions.txt_dir//4132/question.txt
Apr 18 02:43:13 output directory: davinci_runs/test/first_stage/test_T1_0.6_K1_3/4132
2022-04-18 02:43:13.540453 run_davinci.py test/intro-questions.txt_dir//4132/question.txt davinci_runs/test/first_stage/test_T1_0.6_K1_3/4132 0.6 3
Apr 18 02:43:39 completed: 133, completed question: test/intro-questions.txt_dir//4132/question.txt
Apr 18 02:43:39 4133
Apr 18 02:43:39 completed: 133, next question: test/intro-questions.txt_dir//4133/question.txt
Apr 18 02:43:39 output directory: davinci_runs/test/first_stage/test_T1_0.6_K1_3/4133
2022-04-18 02:43:39.409628 run_davinci.py test/intro-questions.txt_dir//4133/question.txt davinci_runs/test/first_stage/test_T1_0.6_K1_3/4133 0.6 3
Apr 18 02:44:36 completed: 134, completed question: test/intro-questions.txt_dir//4133/question.txt
Apr 18 02:44:36 4134
Apr 18 02:44:36 completed: 134, next question: test/intro-questions.txt_dir//4134/question.txt
Apr 18 02:44:36 output directory: davinci_runs/test/first_stage/test_T1_0.6_K1_3/4134
Traceback (most recent call last):
  File "run_davinci.py", line 129, in <module>
    run_davinci(path, out_dir)
  File "run_davinci.py", line 65, in run_davinci
    n=N_SOLUTIONS
  File "/opt/conda/lib/python3.7/site-packages/openai/api_resources/completion.py", line 31, in create
    return super().create(*args, **kwargs)
  File "/opt/conda/lib/python3.7/site-packages/openai/api_resources/abstract/engine_api_resource.py", line 106, in create
    request_id=request_id,
  File "/opt/conda/lib/python3.7/site-packages/openai/api_requestor.py", line 120, in request
    resp, got_stream = self._interpret_response(result, stream)
  File "/opt/conda/lib/python3.7/site-packages/openai/api_requestor.py", line 328, in _interpret_response
    result.content, result.status_code, result.headers, stream=False
  File "/opt/conda/lib/python3.7/site-packages/openai/api_requestor.py", line 361, in _interpret_response_line
    rbody, rcode, resp.data, rheaders, stream_error=stream_error
openai.error.InvalidRequestError: This model's maximum context length is 4001 tokens, however you requested 4057 tokens (857 in your prompt; 3200 for the completion). Please reduce your prompt; or completion length.
2022-04-18 02:44:36.877869 run_davinci.py test/intro-questions.txt_dir//4134/question.txt davinci_runs/test/first_stage/test_T1_0.6_K1_3/4134 0.6 3
Apr 18 02:44:37 completed: 135, completed question: test/intro-questions.txt_dir//4134/question.txt
Apr 18 02:44:37 4135
Apr 18 02:44:37 completed: 135, next question: test/intro-questions.txt_dir//4135/question.txt
Apr 18 02:44:37 output directory: davinci_runs/test/first_stage/test_T1_0.6_K1_3/4135
2022-04-18 02:44:37.497454 run_davinci.py test/intro-questions.txt_dir//4135/question.txt davinci_runs/test/first_stage/test_T1_0.6_K1_3/4135 0.6 3
Apr 18 02:45:03 completed: 136, completed question: test/intro-questions.txt_dir//4135/question.txt
Apr 18 02:45:03 4136
Apr 18 02:45:03 completed: 136, next question: test/intro-questions.txt_dir//4136/question.txt
Apr 18 02:45:03 output directory: davinci_runs/test/first_stage/test_T1_0.6_K1_3/4136
2022-04-18 02:45:04.282061 run_davinci.py test/intro-questions.txt_dir//4136/question.txt davinci_runs/test/first_stage/test_T1_0.6_K1_3/4136 0.6 3
Apr 18 02:45:27 completed: 137, completed question: test/intro-questions.txt_dir//4136/question.txt
Apr 18 02:45:27 4137
Apr 18 02:45:27 completed: 137, next question: test/intro-questions.txt_dir//4137/question.txt
Apr 18 02:45:27 output directory: davinci_runs/test/first_stage/test_T1_0.6_K1_3/4137
2022-04-18 02:45:27.703497 run_davinci.py test/intro-questions.txt_dir//4137/question.txt davinci_runs/test/first_stage/test_T1_0.6_K1_3/4137 0.6 3
Apr 18 02:47:03 completed: 138, completed question: test/intro-questions.txt_dir//4137/question.txt
Apr 18 02:47:03 4138
Apr 18 02:47:03 completed: 138, next question: test/intro-questions.txt_dir//4138/question.txt
Apr 18 02:47:03 output directory: davinci_runs/test/first_stage/test_T1_0.6_K1_3/4138
2022-04-18 02:47:04.067855 run_davinci.py test/intro-questions.txt_dir//4138/question.txt davinci_runs/test/first_stage/test_T1_0.6_K1_3/4138 0.6 3
Apr 18 02:48:03 completed: 139, completed question: test/intro-questions.txt_dir//4138/question.txt
Apr 18 02:48:03 4139
Apr 18 02:48:03 completed: 139, next question: test/intro-questions.txt_dir//4139/question.txt
Apr 18 02:48:03 output directory: davinci_runs/test/first_stage/test_T1_0.6_K1_3/4139
2022-04-18 02:48:03.763029 run_davinci.py test/intro-questions.txt_dir//4139/question.txt davinci_runs/test/first_stage/test_T1_0.6_K1_3/4139 0.6 3
Apr 18 02:48:30 completed: 140, completed question: test/intro-questions.txt_dir//4139/question.txt
Apr 18 02:48:30 4140
Apr 18 02:48:30 completed: 140, next question: test/intro-questions.txt_dir//4140/question.txt
Apr 18 02:48:30 output directory: davinci_runs/test/first_stage/test_T1_0.6_K1_3/4140
2022-04-18 02:48:31.086171 run_davinci.py test/intro-questions.txt_dir//4140/question.txt davinci_runs/test/first_stage/test_T1_0.6_K1_3/4140 0.6 3
Apr 18 02:49:00 completed: 141, completed question: test/intro-questions.txt_dir//4140/question.txt
Apr 18 02:49:00 4141
Apr 18 02:49:00 completed: 141, next question: test/intro-questions.txt_dir//4141/question.txt
Apr 18 02:49:00 output directory: davinci_runs/test/first_stage/test_T1_0.6_K1_3/4141
2022-04-18 02:49:00.943019 run_davinci.py test/intro-questions.txt_dir//4141/question.txt davinci_runs/test/first_stage/test_T1_0.6_K1_3/4141 0.6 3
Apr 18 02:49:24 completed: 142, completed question: test/intro-questions.txt_dir//4141/question.txt
Apr 18 02:49:24 4142
Apr 18 02:49:24 completed: 142, next question: test/intro-questions.txt_dir//4142/question.txt
Apr 18 02:49:24 output directory: davinci_runs/test/first_stage/test_T1_0.6_K1_3/4142
2022-04-18 02:49:24.741249 run_davinci.py test/intro-questions.txt_dir//4142/question.txt davinci_runs/test/first_stage/test_T1_0.6_K1_3/4142 0.6 3
Apr 18 02:49:53 completed: 143, completed question: test/intro-questions.txt_dir//4142/question.txt
Apr 18 02:49:53 4143
Apr 18 02:49:53 completed: 143, next question: test/intro-questions.txt_dir//4143/question.txt
Apr 18 02:49:53 output directory: davinci_runs/test/first_stage/test_T1_0.6_K1_3/4143
2022-04-18 02:49:53.973331 run_davinci.py test/intro-questions.txt_dir//4143/question.txt davinci_runs/test/first_stage/test_T1_0.6_K1_3/4143 0.6 3
Apr 18 02:50:24 completed: 144, completed question: test/intro-questions.txt_dir//4143/question.txt
Apr 18 02:50:24 4144
Apr 18 02:50:24 completed: 144, next question: test/intro-questions.txt_dir//4144/question.txt
Apr 18 02:50:24 output directory: davinci_runs/test/first_stage/test_T1_0.6_K1_3/4144
2022-04-18 02:50:24.919464 run_davinci.py test/intro-questions.txt_dir//4144/question.txt davinci_runs/test/first_stage/test_T1_0.6_K1_3/4144 0.6 3
Apr 18 02:51:02 completed: 145, completed question: test/intro-questions.txt_dir//4144/question.txt
Apr 18 02:51:02 4145
Apr 18 02:51:02 completed: 145, next question: test/intro-questions.txt_dir//4145/question.txt
Apr 18 02:51:02 output directory: davinci_runs/test/first_stage/test_T1_0.6_K1_3/4145
2022-04-18 02:51:02.870148 run_davinci.py test/intro-questions.txt_dir//4145/question.txt davinci_runs/test/first_stage/test_T1_0.6_K1_3/4145 0.6 3
Apr 18 02:51:31 completed: 146, completed question: test/intro-questions.txt_dir//4145/question.txt
Apr 18 02:51:31 4146
Apr 18 02:51:31 completed: 146, next question: test/intro-questions.txt_dir//4146/question.txt
Apr 18 02:51:31 output directory: davinci_runs/test/first_stage/test_T1_0.6_K1_3/4146
2022-04-18 02:51:31.749025 run_davinci.py test/intro-questions.txt_dir//4146/question.txt davinci_runs/test/first_stage/test_T1_0.6_K1_3/4146 0.6 3
Apr 18 02:53:11 completed: 147, completed question: test/intro-questions.txt_dir//4146/question.txt
Apr 18 02:53:11 4147
Apr 18 02:53:11 completed: 147, next question: test/intro-questions.txt_dir//4147/question.txt
Apr 18 02:53:11 output directory: davinci_runs/test/first_stage/test_T1_0.6_K1_3/4147
2022-04-18 02:53:11.392448 run_davinci.py test/intro-questions.txt_dir//4147/question.txt davinci_runs/test/first_stage/test_T1_0.6_K1_3/4147 0.6 3
Apr 18 02:54:01 completed: 148, completed question: test/intro-questions.txt_dir//4147/question.txt
Apr 18 02:54:01 4148
Apr 18 02:54:01 completed: 148, next question: test/intro-questions.txt_dir//4148/question.txt
Apr 18 02:54:01 output directory: davinci_runs/test/first_stage/test_T1_0.6_K1_3/4148
2022-04-18 02:54:01.568885 run_davinci.py test/intro-questions.txt_dir//4148/question.txt davinci_runs/test/first_stage/test_T1_0.6_K1_3/4148 0.6 3
Apr 18 02:54:30 completed: 149, completed question: test/intro-questions.txt_dir//4148/question.txt
Apr 18 02:54:30 4149
Apr 18 02:54:30 completed: 149, next question: test/intro-questions.txt_dir//4149/question.txt
Apr 18 02:54:31 output directory: davinci_runs/test/first_stage/test_T1_0.6_K1_3/4149
2022-04-18 02:54:31.456370 run_davinci.py test/intro-questions.txt_dir//4149/question.txt davinci_runs/test/first_stage/test_T1_0.6_K1_3/4149 0.6 3
Apr 18 02:56:10 completed: 150, completed question: test/intro-questions.txt_dir//4149/question.txt
Apr 18 02:56:10 4150
Apr 18 02:56:10 completed: 150, next question: test/intro-questions.txt_dir//4150/question.txt
Apr 18 02:56:10 output directory: davinci_runs/test/first_stage/test_T1_0.6_K1_3/4150
Traceback (most recent call last):
  File "run_davinci.py", line 129, in <module>
    run_davinci(path, out_dir)
  File "run_davinci.py", line 65, in run_davinci
    n=N_SOLUTIONS
  File "/opt/conda/lib/python3.7/site-packages/openai/api_resources/completion.py", line 31, in create
    return super().create(*args, **kwargs)
  File "/opt/conda/lib/python3.7/site-packages/openai/api_resources/abstract/engine_api_resource.py", line 106, in create
    request_id=request_id,
  File "/opt/conda/lib/python3.7/site-packages/openai/api_requestor.py", line 120, in request
    resp, got_stream = self._interpret_response(result, stream)
  File "/opt/conda/lib/python3.7/site-packages/openai/api_requestor.py", line 328, in _interpret_response
    result.content, result.status_code, result.headers, stream=False
  File "/opt/conda/lib/python3.7/site-packages/openai/api_requestor.py", line 361, in _interpret_response_line
    rbody, rcode, resp.data, rheaders, stream_error=stream_error
openai.error.InvalidRequestError: This model's maximum context length is 4001 tokens, however you requested 4057 tokens (857 in your prompt; 3200 for the completion). Please reduce your prompt; or completion length.
2022-04-18 02:56:10.961352 run_davinci.py test/intro-questions.txt_dir//4150/question.txt davinci_runs/test/first_stage/test_T1_0.6_K1_3/4150 0.6 3
Apr 18 02:56:11 completed: 151, completed question: test/intro-questions.txt_dir//4150/question.txt
Apr 18 02:56:11 4151
Apr 18 02:56:11 completed: 151, next question: test/intro-questions.txt_dir//4151/question.txt
Apr 18 02:56:11 output directory: davinci_runs/test/first_stage/test_T1_0.6_K1_3/4151
2022-04-18 02:56:11.572460 run_davinci.py test/intro-questions.txt_dir//4151/question.txt davinci_runs/test/first_stage/test_T1_0.6_K1_3/4151 0.6 3
Apr 18 02:56:49 completed: 152, completed question: test/intro-questions.txt_dir//4151/question.txt
Apr 18 02:56:49 4152
Apr 18 02:56:49 completed: 152, next question: test/intro-questions.txt_dir//4152/question.txt
Apr 18 02:56:49 output directory: davinci_runs/test/first_stage/test_T1_0.6_K1_3/4152
2022-04-18 02:56:50.012867 run_davinci.py test/intro-questions.txt_dir//4152/question.txt davinci_runs/test/first_stage/test_T1_0.6_K1_3/4152 0.6 3
Apr 18 02:57:17 completed: 153, completed question: test/intro-questions.txt_dir//4152/question.txt
Apr 18 02:57:17 4153
Apr 18 02:57:17 completed: 153, next question: test/intro-questions.txt_dir//4153/question.txt
Apr 18 02:57:17 output directory: davinci_runs/test/first_stage/test_T1_0.6_K1_3/4153
2022-04-18 02:57:17.547173 run_davinci.py test/intro-questions.txt_dir//4153/question.txt davinci_runs/test/first_stage/test_T1_0.6_K1_3/4153 0.6 3
Apr 18 02:57:50 completed: 154, completed question: test/intro-questions.txt_dir//4153/question.txt
Apr 18 02:57:50 4154
Apr 18 02:57:50 completed: 154, next question: test/intro-questions.txt_dir//4154/question.txt
Apr 18 02:57:50 output directory: davinci_runs/test/first_stage/test_T1_0.6_K1_3/4154
2022-04-18 02:57:50.802024 run_davinci.py test/intro-questions.txt_dir//4154/question.txt davinci_runs/test/first_stage/test_T1_0.6_K1_3/4154 0.6 3
Apr 18 02:58:25 completed: 155, completed question: test/intro-questions.txt_dir//4154/question.txt
Apr 18 02:58:25 4155
Apr 18 02:58:25 completed: 155, next question: test/intro-questions.txt_dir//4155/question.txt
Apr 18 02:58:25 output directory: davinci_runs/test/first_stage/test_T1_0.6_K1_3/4155
2022-04-18 02:58:25.543139 run_davinci.py test/intro-questions.txt_dir//4155/question.txt davinci_runs/test/first_stage/test_T1_0.6_K1_3/4155 0.6 3
Apr 18 02:59:06 completed: 156, completed question: test/intro-questions.txt_dir//4155/question.txt
Apr 18 02:59:06 4156
Apr 18 02:59:06 completed: 156, next question: test/intro-questions.txt_dir//4156/question.txt
Apr 18 02:59:06 output directory: davinci_runs/test/first_stage/test_T1_0.6_K1_3/4156
2022-04-18 02:59:06.371645 run_davinci.py test/intro-questions.txt_dir//4156/question.txt davinci_runs/test/first_stage/test_T1_0.6_K1_3/4156 0.6 3
Apr 18 02:59:34 completed: 157, completed question: test/intro-questions.txt_dir//4156/question.txt
Apr 18 02:59:34 4157
Apr 18 02:59:34 completed: 157, next question: test/intro-questions.txt_dir//4157/question.txt
Apr 18 02:59:34 output directory: davinci_runs/test/first_stage/test_T1_0.6_K1_3/4157
2022-04-18 02:59:35.251039 run_davinci.py test/intro-questions.txt_dir//4157/question.txt davinci_runs/test/first_stage/test_T1_0.6_K1_3/4157 0.6 3
Apr 18 03:00:10 completed: 158, completed question: test/intro-questions.txt_dir//4157/question.txt
Apr 18 03:00:10 4158
Apr 18 03:00:10 completed: 158, next question: test/intro-questions.txt_dir//4158/question.txt
Apr 18 03:00:10 output directory: davinci_runs/test/first_stage/test_T1_0.6_K1_3/4158
2022-04-18 03:00:10.663168 run_davinci.py test/intro-questions.txt_dir//4158/question.txt davinci_runs/test/first_stage/test_T1_0.6_K1_3/4158 0.6 3
Apr 18 03:00:52 completed: 159, completed question: test/intro-questions.txt_dir//4158/question.txt
Apr 18 03:00:52 4159
Apr 18 03:00:52 completed: 159, next question: test/intro-questions.txt_dir//4159/question.txt
Apr 18 03:00:52 output directory: davinci_runs/test/first_stage/test_T1_0.6_K1_3/4159
2022-04-18 03:00:52.475540 run_davinci.py test/intro-questions.txt_dir//4159/question.txt davinci_runs/test/first_stage/test_T1_0.6_K1_3/4159 0.6 3
Apr 18 03:01:16 completed: 160, completed question: test/intro-questions.txt_dir//4159/question.txt
Apr 18 03:01:16 4160
Apr 18 03:01:16 completed: 160, next question: test/intro-questions.txt_dir//4160/question.txt
Apr 18 03:01:16 output directory: davinci_runs/test/first_stage/test_T1_0.6_K1_3/4160
2022-04-18 03:01:16.748810 run_davinci.py test/intro-questions.txt_dir//4160/question.txt davinci_runs/test/first_stage/test_T1_0.6_K1_3/4160 0.6 3
Apr 18 03:01:40 completed: 161, completed question: test/intro-questions.txt_dir//4160/question.txt
Apr 18 03:01:40 4161
Apr 18 03:01:40 completed: 161, next question: test/intro-questions.txt_dir//4161/question.txt
Apr 18 03:01:40 output directory: davinci_runs/test/first_stage/test_T1_0.6_K1_3/4161
2022-04-18 03:01:40.615097 run_davinci.py test/intro-questions.txt_dir//4161/question.txt davinci_runs/test/first_stage/test_T1_0.6_K1_3/4161 0.6 3
Apr 18 03:02:07 completed: 162, completed question: test/intro-questions.txt_dir//4161/question.txt
Apr 18 03:02:07 4162
Apr 18 03:02:07 completed: 162, next question: test/intro-questions.txt_dir//4162/question.txt
Apr 18 03:02:07 output directory: davinci_runs/test/first_stage/test_T1_0.6_K1_3/4162
2022-04-18 03:02:08.113862 run_davinci.py test/intro-questions.txt_dir//4162/question.txt davinci_runs/test/first_stage/test_T1_0.6_K1_3/4162 0.6 3
Apr 18 03:02:50 completed: 163, completed question: test/intro-questions.txt_dir//4162/question.txt
Apr 18 03:02:50 4163
Apr 18 03:02:50 completed: 163, next question: test/intro-questions.txt_dir//4163/question.txt
Apr 18 03:02:50 output directory: davinci_runs/test/first_stage/test_T1_0.6_K1_3/4163
2022-04-18 03:02:50.452241 run_davinci.py test/intro-questions.txt_dir//4163/question.txt davinci_runs/test/first_stage/test_T1_0.6_K1_3/4163 0.6 3
Apr 18 03:03:16 completed: 164, completed question: test/intro-questions.txt_dir//4163/question.txt
Apr 18 03:03:16 4164
Apr 18 03:03:16 completed: 164, next question: test/intro-questions.txt_dir//4164/question.txt
Apr 18 03:03:16 output directory: davinci_runs/test/first_stage/test_T1_0.6_K1_3/4164
2022-04-18 03:03:16.603072 run_davinci.py test/intro-questions.txt_dir//4164/question.txt davinci_runs/test/first_stage/test_T1_0.6_K1_3/4164 0.6 3
Apr 18 03:03:40 completed: 165, completed question: test/intro-questions.txt_dir//4164/question.txt
Apr 18 03:03:40 4165
Apr 18 03:03:40 completed: 165, next question: test/intro-questions.txt_dir//4165/question.txt
Apr 18 03:03:41 output directory: davinci_runs/test/first_stage/test_T1_0.6_K1_3/4165
2022-04-18 03:03:41.305609 run_davinci.py test/intro-questions.txt_dir//4165/question.txt davinci_runs/test/first_stage/test_T1_0.6_K1_3/4165 0.6 3
Apr 18 03:04:03 completed: 166, completed question: test/intro-questions.txt_dir//4165/question.txt
Apr 18 03:04:03 4166
Apr 18 03:04:03 completed: 166, next question: test/intro-questions.txt_dir//4166/question.txt
Apr 18 03:04:03 output directory: davinci_runs/test/first_stage/test_T1_0.6_K1_3/4166
2022-04-18 03:04:04.217393 run_davinci.py test/intro-questions.txt_dir//4166/question.txt davinci_runs/test/first_stage/test_T1_0.6_K1_3/4166 0.6 3
Apr 18 03:04:28 completed: 167, completed question: test/intro-questions.txt_dir//4166/question.txt
Apr 18 03:04:28 4167
Apr 18 03:04:28 completed: 167, next question: test/intro-questions.txt_dir//4167/question.txt
Apr 18 03:04:28 output directory: davinci_runs/test/first_stage/test_T1_0.6_K1_3/4167
2022-04-18 03:04:28.934328 run_davinci.py test/intro-questions.txt_dir//4167/question.txt davinci_runs/test/first_stage/test_T1_0.6_K1_3/4167 0.6 3
Apr 18 03:05:00 completed: 168, completed question: test/intro-questions.txt_dir//4167/question.txt
Apr 18 03:05:00 4168
Apr 18 03:05:00 completed: 168, next question: test/intro-questions.txt_dir//4168/question.txt
Apr 18 03:05:00 output directory: davinci_runs/test/first_stage/test_T1_0.6_K1_3/4168
2022-04-18 03:05:00.725632 run_davinci.py test/intro-questions.txt_dir//4168/question.txt davinci_runs/test/first_stage/test_T1_0.6_K1_3/4168 0.6 3
Apr 18 03:05:38 completed: 169, completed question: test/intro-questions.txt_dir//4168/question.txt
Apr 18 03:05:38 4169
Apr 18 03:05:38 completed: 169, next question: test/intro-questions.txt_dir//4169/question.txt
Apr 18 03:05:38 output directory: davinci_runs/test/first_stage/test_T1_0.6_K1_3/4169
2022-04-18 03:05:38.525886 run_davinci.py test/intro-questions.txt_dir//4169/question.txt davinci_runs/test/first_stage/test_T1_0.6_K1_3/4169 0.6 3
Apr 18 03:06:04 completed: 170, completed question: test/intro-questions.txt_dir//4169/question.txt
Apr 18 03:06:04 4170
Apr 18 03:06:04 completed: 170, next question: test/intro-questions.txt_dir//4170/question.txt
Apr 18 03:06:04 output directory: davinci_runs/test/first_stage/test_T1_0.6_K1_3/4170
2022-04-18 03:06:05.170723 run_davinci.py test/intro-questions.txt_dir//4170/question.txt davinci_runs/test/first_stage/test_T1_0.6_K1_3/4170 0.6 3
Apr 18 03:06:31 completed: 171, completed question: test/intro-questions.txt_dir//4170/question.txt
Apr 18 03:06:31 4171
Apr 18 03:06:31 completed: 171, next question: test/intro-questions.txt_dir//4171/question.txt
Apr 18 03:06:31 output directory: davinci_runs/test/first_stage/test_T1_0.6_K1_3/4171
2022-04-18 03:06:31.568118 run_davinci.py test/intro-questions.txt_dir//4171/question.txt davinci_runs/test/first_stage/test_T1_0.6_K1_3/4171 0.6 3
Apr 18 03:07:05 completed: 172, completed question: test/intro-questions.txt_dir//4171/question.txt
Apr 18 03:07:05 4172
Apr 18 03:07:05 completed: 172, next question: test/intro-questions.txt_dir//4172/question.txt
Apr 18 03:07:05 output directory: davinci_runs/test/first_stage/test_T1_0.6_K1_3/4172
2022-04-18 03:07:06.262203 run_davinci.py test/intro-questions.txt_dir//4172/question.txt davinci_runs/test/first_stage/test_T1_0.6_K1_3/4172 0.6 3
Apr 18 03:07:34 completed: 173, completed question: test/intro-questions.txt_dir//4172/question.txt
Apr 18 03:07:34 4173
Apr 18 03:07:35 completed: 173, next question: test/intro-questions.txt_dir//4173/question.txt
Apr 18 03:07:35 output directory: davinci_runs/test/first_stage/test_T1_0.6_K1_3/4173
2022-04-18 03:07:35.328946 run_davinci.py test/intro-questions.txt_dir//4173/question.txt davinci_runs/test/first_stage/test_T1_0.6_K1_3/4173 0.6 3
Apr 18 03:08:04 completed: 174, completed question: test/intro-questions.txt_dir//4173/question.txt
Apr 18 03:08:04 4174
Apr 18 03:08:04 completed: 174, next question: test/intro-questions.txt_dir//4174/question.txt
Apr 18 03:08:04 output directory: davinci_runs/test/first_stage/test_T1_0.6_K1_3/4174
2022-04-18 03:08:04.992812 run_davinci.py test/intro-questions.txt_dir//4174/question.txt davinci_runs/test/first_stage/test_T1_0.6_K1_3/4174 0.6 3
Apr 18 03:08:29 completed: 175, completed question: test/intro-questions.txt_dir//4174/question.txt
Apr 18 03:08:29 4175
Apr 18 03:08:29 completed: 175, next question: test/intro-questions.txt_dir//4175/question.txt
Apr 18 03:08:29 output directory: davinci_runs/test/first_stage/test_T1_0.6_K1_3/4175
2022-04-18 03:08:30.121311 run_davinci.py test/intro-questions.txt_dir//4175/question.txt davinci_runs/test/first_stage/test_T1_0.6_K1_3/4175 0.6 3
Apr 18 03:08:58 completed: 176, completed question: test/intro-questions.txt_dir//4175/question.txt
Apr 18 03:08:58 4176
Apr 18 03:08:59 completed: 176, next question: test/intro-questions.txt_dir//4176/question.txt
Apr 18 03:08:59 output directory: davinci_runs/test/first_stage/test_T1_0.6_K1_3/4176
2022-04-18 03:08:59.332963 run_davinci.py test/intro-questions.txt_dir//4176/question.txt davinci_runs/test/first_stage/test_T1_0.6_K1_3/4176 0.6 3
Apr 18 03:09:24 completed: 177, completed question: test/intro-questions.txt_dir//4176/question.txt
Apr 18 03:09:24 4177
Apr 18 03:09:24 completed: 177, next question: test/intro-questions.txt_dir//4177/question.txt
Apr 18 03:09:24 output directory: davinci_runs/test/first_stage/test_T1_0.6_K1_3/4177
2022-04-18 03:09:24.950209 run_davinci.py test/intro-questions.txt_dir//4177/question.txt davinci_runs/test/first_stage/test_T1_0.6_K1_3/4177 0.6 3
Apr 18 03:09:47 completed: 178, completed question: test/intro-questions.txt_dir//4177/question.txt
Apr 18 03:09:47 4178
Apr 18 03:09:47 completed: 178, next question: test/intro-questions.txt_dir//4178/question.txt
Apr 18 03:09:47 output directory: davinci_runs/test/first_stage/test_T1_0.6_K1_3/4178
2022-04-18 03:09:47.848328 run_davinci.py test/intro-questions.txt_dir//4178/question.txt davinci_runs/test/first_stage/test_T1_0.6_K1_3/4178 0.6 3
Apr 18 03:10:15 completed: 179, completed question: test/intro-questions.txt_dir//4178/question.txt
Apr 18 03:10:15 4179
Apr 18 03:10:15 completed: 179, next question: test/intro-questions.txt_dir//4179/question.txt
Apr 18 03:10:15 output directory: davinci_runs/test/first_stage/test_T1_0.6_K1_3/4179
2022-04-18 03:10:15.865631 run_davinci.py test/intro-questions.txt_dir//4179/question.txt davinci_runs/test/first_stage/test_T1_0.6_K1_3/4179 0.6 3
Apr 18 03:10:42 completed: 180, completed question: test/intro-questions.txt_dir//4179/question.txt
Apr 18 03:10:42 4180
Apr 18 03:10:42 completed: 180, next question: test/intro-questions.txt_dir//4180/question.txt
Apr 18 03:10:42 output directory: davinci_runs/test/first_stage/test_T1_0.6_K1_3/4180
2022-04-18 03:10:43.052134 run_davinci.py test/intro-questions.txt_dir//4180/question.txt davinci_runs/test/first_stage/test_T1_0.6_K1_3/4180 0.6 3
Apr 18 03:11:06 completed: 181, completed question: test/intro-questions.txt_dir//4180/question.txt
Apr 18 03:11:06 4181
Apr 18 03:11:06 completed: 181, next question: test/intro-questions.txt_dir//4181/question.txt
Apr 18 03:11:06 output directory: davinci_runs/test/first_stage/test_T1_0.6_K1_3/4181
2022-04-18 03:11:06.830789 run_davinci.py test/intro-questions.txt_dir//4181/question.txt davinci_runs/test/first_stage/test_T1_0.6_K1_3/4181 0.6 3
Apr 18 03:11:57 completed: 182, completed question: test/intro-questions.txt_dir//4181/question.txt
Apr 18 03:11:57 4182
Apr 18 03:11:57 completed: 182, next question: test/intro-questions.txt_dir//4182/question.txt
Apr 18 03:11:57 output directory: davinci_runs/test/first_stage/test_T1_0.6_K1_3/4182
2022-04-18 03:11:58.151385 run_davinci.py test/intro-questions.txt_dir//4182/question.txt davinci_runs/test/first_stage/test_T1_0.6_K1_3/4182 0.6 3
Apr 18 03:12:22 completed: 183, completed question: test/intro-questions.txt_dir//4182/question.txt
Apr 18 03:12:22 4183
Apr 18 03:12:22 completed: 183, next question: test/intro-questions.txt_dir//4183/question.txt
Apr 18 03:12:22 output directory: davinci_runs/test/first_stage/test_T1_0.6_K1_3/4183
2022-04-18 03:12:22.504042 run_davinci.py test/intro-questions.txt_dir//4183/question.txt davinci_runs/test/first_stage/test_T1_0.6_K1_3/4183 0.6 3
Apr 18 03:12:50 completed: 184, completed question: test/intro-questions.txt_dir//4183/question.txt
Apr 18 03:12:50 4184
Apr 18 03:12:50 completed: 184, next question: test/intro-questions.txt_dir//4184/question.txt
Apr 18 03:12:50 output directory: davinci_runs/test/first_stage/test_T1_0.6_K1_3/4184
2022-04-18 03:12:50.942879 run_davinci.py test/intro-questions.txt_dir//4184/question.txt davinci_runs/test/first_stage/test_T1_0.6_K1_3/4184 0.6 3
Apr 18 03:13:18 completed: 185, completed question: test/intro-questions.txt_dir//4184/question.txt
Apr 18 03:13:18 4185
Apr 18 03:13:18 completed: 185, next question: test/intro-questions.txt_dir//4185/question.txt
Apr 18 03:13:18 output directory: davinci_runs/test/first_stage/test_T1_0.6_K1_3/4185
Traceback (most recent call last):
  File "run_davinci.py", line 129, in <module>
    run_davinci(path, out_dir)
  File "run_davinci.py", line 65, in run_davinci
    n=N_SOLUTIONS
  File "/opt/conda/lib/python3.7/site-packages/openai/api_resources/completion.py", line 31, in create
    return super().create(*args, **kwargs)
  File "/opt/conda/lib/python3.7/site-packages/openai/api_resources/abstract/engine_api_resource.py", line 106, in create
    request_id=request_id,
  File "/opt/conda/lib/python3.7/site-packages/openai/api_requestor.py", line 120, in request
    resp, got_stream = self._interpret_response(result, stream)
  File "/opt/conda/lib/python3.7/site-packages/openai/api_requestor.py", line 328, in _interpret_response
    result.content, result.status_code, result.headers, stream=False
  File "/opt/conda/lib/python3.7/site-packages/openai/api_requestor.py", line 361, in _interpret_response_line
    rbody, rcode, resp.data, rheaders, stream_error=stream_error
openai.error.InvalidRequestError: This model's maximum context length is 4001 tokens, however you requested 4084 tokens (884 in your prompt; 3200 for the completion). Please reduce your prompt; or completion length.
2022-04-18 03:13:18.651426 run_davinci.py test/intro-questions.txt_dir//4185/question.txt davinci_runs/test/first_stage/test_T1_0.6_K1_3/4185 0.6 3
Apr 18 03:13:18 completed: 186, completed question: test/intro-questions.txt_dir//4185/question.txt
Apr 18 03:13:18 4186
Apr 18 03:13:18 completed: 186, next question: test/intro-questions.txt_dir//4186/question.txt
Apr 18 03:13:18 output directory: davinci_runs/test/first_stage/test_T1_0.6_K1_3/4186
2022-04-18 03:13:19.231526 run_davinci.py test/intro-questions.txt_dir//4186/question.txt davinci_runs/test/first_stage/test_T1_0.6_K1_3/4186 0.6 3
Apr 18 03:13:42 completed: 187, completed question: test/intro-questions.txt_dir//4186/question.txt
Apr 18 03:13:42 4187
Apr 18 03:13:42 completed: 187, next question: test/intro-questions.txt_dir//4187/question.txt
Apr 18 03:13:42 output directory: davinci_runs/test/first_stage/test_T1_0.6_K1_3/4187
2022-04-18 03:13:42.404814 run_davinci.py test/intro-questions.txt_dir//4187/question.txt davinci_runs/test/first_stage/test_T1_0.6_K1_3/4187 0.6 3
Apr 18 03:14:17 completed: 188, completed question: test/intro-questions.txt_dir//4187/question.txt
Apr 18 03:14:17 4188
Apr 18 03:14:17 completed: 188, next question: test/intro-questions.txt_dir//4188/question.txt
Apr 18 03:14:17 output directory: davinci_runs/test/first_stage/test_T1_0.6_K1_3/4188
2022-04-18 03:14:17.760156 run_davinci.py test/intro-questions.txt_dir//4188/question.txt davinci_runs/test/first_stage/test_T1_0.6_K1_3/4188 0.6 3
Apr 18 03:14:50 completed: 189, completed question: test/intro-questions.txt_dir//4188/question.txt
Apr 18 03:14:50 4189
Apr 18 03:14:50 completed: 189, next question: test/intro-questions.txt_dir//4189/question.txt
Apr 18 03:14:50 output directory: davinci_runs/test/first_stage/test_T1_0.6_K1_3/4189
2022-04-18 03:14:51.224752 run_davinci.py test/intro-questions.txt_dir//4189/question.txt davinci_runs/test/first_stage/test_T1_0.6_K1_3/4189 0.6 3
Apr 18 03:15:16 completed: 190, completed question: test/intro-questions.txt_dir//4189/question.txt
Apr 18 03:15:16 4190
Apr 18 03:15:16 completed: 190, next question: test/intro-questions.txt_dir//4190/question.txt
Apr 18 03:15:17 output directory: davinci_runs/test/first_stage/test_T1_0.6_K1_3/4190
2022-04-18 03:15:17.297678 run_davinci.py test/intro-questions.txt_dir//4190/question.txt davinci_runs/test/first_stage/test_T1_0.6_K1_3/4190 0.6 3
Apr 18 03:15:40 completed: 191, completed question: test/intro-questions.txt_dir//4190/question.txt
Apr 18 03:15:40 4191
Apr 18 03:15:40 completed: 191, next question: test/intro-questions.txt_dir//4191/question.txt
Apr 18 03:15:40 output directory: davinci_runs/test/first_stage/test_T1_0.6_K1_3/4191
2022-04-18 03:15:40.514505 run_davinci.py test/intro-questions.txt_dir//4191/question.txt davinci_runs/test/first_stage/test_T1_0.6_K1_3/4191 0.6 3
Apr 18 03:16:13 completed: 192, completed question: test/intro-questions.txt_dir//4191/question.txt
Apr 18 03:16:13 4192
Apr 18 03:16:13 completed: 192, next question: test/intro-questions.txt_dir//4192/question.txt
Apr 18 03:16:13 output directory: davinci_runs/test/first_stage/test_T1_0.6_K1_3/4192
2022-04-18 03:16:13.474192 run_davinci.py test/intro-questions.txt_dir//4192/question.txt davinci_runs/test/first_stage/test_T1_0.6_K1_3/4192 0.6 3
Apr 18 03:16:34 completed: 193, completed question: test/intro-questions.txt_dir//4192/question.txt
Apr 18 03:16:34 4193
Apr 18 03:16:34 completed: 193, next question: test/intro-questions.txt_dir//4193/question.txt
Apr 18 03:16:34 output directory: davinci_runs/test/first_stage/test_T1_0.6_K1_3/4193
2022-04-18 03:16:35.238190 run_davinci.py test/intro-questions.txt_dir//4193/question.txt davinci_runs/test/first_stage/test_T1_0.6_K1_3/4193 0.6 3
Apr 18 03:17:21 completed: 194, completed question: test/intro-questions.txt_dir//4193/question.txt
Apr 18 03:17:21 4194
Apr 18 03:17:21 completed: 194, next question: test/intro-questions.txt_dir//4194/question.txt
Apr 18 03:17:21 output directory: davinci_runs/test/first_stage/test_T1_0.6_K1_3/4194
2022-04-18 03:17:22.260446 run_davinci.py test/intro-questions.txt_dir//4194/question.txt davinci_runs/test/first_stage/test_T1_0.6_K1_3/4194 0.6 3
Apr 18 03:17:52 completed: 195, completed question: test/intro-questions.txt_dir//4194/question.txt
Apr 18 03:17:52 4195
Apr 18 03:17:52 completed: 195, next question: test/intro-questions.txt_dir//4195/question.txt
Apr 18 03:17:52 output directory: davinci_runs/test/first_stage/test_T1_0.6_K1_3/4195
2022-04-18 03:17:52.683708 run_davinci.py test/intro-questions.txt_dir//4195/question.txt davinci_runs/test/first_stage/test_T1_0.6_K1_3/4195 0.6 3
Apr 18 03:18:18 completed: 196, completed question: test/intro-questions.txt_dir//4195/question.txt
Apr 18 03:18:18 4196
Apr 18 03:18:18 completed: 196, next question: test/intro-questions.txt_dir//4196/question.txt
Apr 18 03:18:19 output directory: davinci_runs/test/first_stage/test_T1_0.6_K1_3/4196
2022-04-18 03:18:19.289340 run_davinci.py test/intro-questions.txt_dir//4196/question.txt davinci_runs/test/first_stage/test_T1_0.6_K1_3/4196 0.6 3
Apr 18 03:18:50 completed: 197, completed question: test/intro-questions.txt_dir//4196/question.txt
Apr 18 03:18:50 4197
Apr 18 03:18:50 completed: 197, next question: test/intro-questions.txt_dir//4197/question.txt
Apr 18 03:18:50 output directory: davinci_runs/test/first_stage/test_T1_0.6_K1_3/4197
2022-04-18 03:18:50.475113 run_davinci.py test/intro-questions.txt_dir//4197/question.txt davinci_runs/test/first_stage/test_T1_0.6_K1_3/4197 0.6 3
Apr 18 03:19:12 completed: 198, completed question: test/intro-questions.txt_dir//4197/question.txt
Apr 18 03:19:12 4198
Apr 18 03:19:12 completed: 198, next question: test/intro-questions.txt_dir//4198/question.txt
Apr 18 03:19:13 output directory: davinci_runs/test/first_stage/test_T1_0.6_K1_3/4198
2022-04-18 03:19:13.308358 run_davinci.py test/intro-questions.txt_dir//4198/question.txt davinci_runs/test/first_stage/test_T1_0.6_K1_3/4198 0.6 3
Apr 18 03:19:45 completed: 199, completed question: test/intro-questions.txt_dir//4198/question.txt
Apr 18 03:19:45 4199
Apr 18 03:19:45 completed: 199, next question: test/intro-questions.txt_dir//4199/question.txt
Apr 18 03:19:45 output directory: davinci_runs/test/first_stage/test_T1_0.6_K1_3/4199
2022-04-18 03:19:45.965096 run_davinci.py test/intro-questions.txt_dir//4199/question.txt davinci_runs/test/first_stage/test_T1_0.6_K1_3/4199 0.6 3
Apr 18 03:20:11 completed: 200, completed question: test/intro-questions.txt_dir//4199/question.txt
Apr 18 03:20:11 4200
Apr 18 03:20:11 completed: 200, next question: test/intro-questions.txt_dir//4200/question.txt
Apr 18 03:20:11 output directory: davinci_runs/test/first_stage/test_T1_0.6_K1_3/4200
2022-04-18 03:20:12.016780 run_davinci.py test/intro-questions.txt_dir//4200/question.txt davinci_runs/test/first_stage/test_T1_0.6_K1_3/4200 0.6 3
Apr 18 03:20:36 completed: 201, completed question: test/intro-questions.txt_dir//4200/question.txt
Apr 18 03:20:36 4201
Apr 18 03:20:36 completed: 201, next question: test/intro-questions.txt_dir//4201/question.txt
Apr 18 03:20:36 output directory: davinci_runs/test/first_stage/test_T1_0.6_K1_3/4201
2022-04-18 03:20:36.512087 run_davinci.py test/intro-questions.txt_dir//4201/question.txt davinci_runs/test/first_stage/test_T1_0.6_K1_3/4201 0.6 3
Apr 18 03:21:22 completed: 202, completed question: test/intro-questions.txt_dir//4201/question.txt
Apr 18 03:21:22 4202
Apr 18 03:21:22 completed: 202, next question: test/intro-questions.txt_dir//4202/question.txt
Apr 18 03:21:22 output directory: davinci_runs/test/first_stage/test_T1_0.6_K1_3/4202
2022-04-18 03:21:22.425850 run_davinci.py test/intro-questions.txt_dir//4202/question.txt davinci_runs/test/first_stage/test_T1_0.6_K1_3/4202 0.6 3
Apr 18 03:21:47 completed: 203, completed question: test/intro-questions.txt_dir//4202/question.txt
Apr 18 03:21:47 4203
Apr 18 03:21:47 completed: 203, next question: test/intro-questions.txt_dir//4203/question.txt
Apr 18 03:21:48 output directory: davinci_runs/test/first_stage/test_T1_0.6_K1_3/4203
2022-04-18 03:21:48.295242 run_davinci.py test/intro-questions.txt_dir//4203/question.txt davinci_runs/test/first_stage/test_T1_0.6_K1_3/4203 0.6 3
Apr 18 03:22:20 completed: 204, completed question: test/intro-questions.txt_dir//4203/question.txt
Apr 18 03:22:20 4204
Apr 18 03:22:20 completed: 204, next question: test/intro-questions.txt_dir//4204/question.txt
Apr 18 03:22:20 output directory: davinci_runs/test/first_stage/test_T1_0.6_K1_3/4204
2022-04-18 03:22:20.767306 run_davinci.py test/intro-questions.txt_dir//4204/question.txt davinci_runs/test/first_stage/test_T1_0.6_K1_3/4204 0.6 3
Apr 18 03:22:47 completed: 205, completed question: test/intro-questions.txt_dir//4204/question.txt
Apr 18 03:22:47 4205
Apr 18 03:22:47 completed: 205, next question: test/intro-questions.txt_dir//4205/question.txt
Apr 18 03:22:47 output directory: davinci_runs/test/first_stage/test_T1_0.6_K1_3/4205
2022-04-18 03:22:48.285542 run_davinci.py test/intro-questions.txt_dir//4205/question.txt davinci_runs/test/first_stage/test_T1_0.6_K1_3/4205 0.6 3
Apr 18 03:23:16 completed: 206, completed question: test/intro-questions.txt_dir//4205/question.txt
Apr 18 03:23:16 4206
Apr 18 03:23:16 completed: 206, next question: test/intro-questions.txt_dir//4206/question.txt
Apr 18 03:23:16 output directory: davinci_runs/test/first_stage/test_T1_0.6_K1_3/4206
2022-04-18 03:23:16.776903 run_davinci.py test/intro-questions.txt_dir//4206/question.txt davinci_runs/test/first_stage/test_T1_0.6_K1_3/4206 0.6 3
Apr 18 03:23:55 completed: 207, completed question: test/intro-questions.txt_dir//4206/question.txt
Apr 18 03:23:55 4207
Apr 18 03:23:55 completed: 207, next question: test/intro-questions.txt_dir//4207/question.txt
Apr 18 03:23:55 output directory: davinci_runs/test/first_stage/test_T1_0.6_K1_3/4207
2022-04-18 03:23:55.763854 run_davinci.py test/intro-questions.txt_dir//4207/question.txt davinci_runs/test/first_stage/test_T1_0.6_K1_3/4207 0.6 3
Apr 18 03:24:33 completed: 208, completed question: test/intro-questions.txt_dir//4207/question.txt
Apr 18 03:24:33 4208
Apr 18 03:24:33 completed: 208, next question: test/intro-questions.txt_dir//4208/question.txt
Apr 18 03:24:33 output directory: davinci_runs/test/first_stage/test_T1_0.6_K1_3/4208
2022-04-18 03:24:33.393318 run_davinci.py test/intro-questions.txt_dir//4208/question.txt davinci_runs/test/first_stage/test_T1_0.6_K1_3/4208 0.6 3
Apr 18 03:26:12 completed: 209, completed question: test/intro-questions.txt_dir//4208/question.txt
Apr 18 03:26:12 4209
Apr 18 03:26:12 completed: 209, next question: test/intro-questions.txt_dir//4209/question.txt
Apr 18 03:26:12 output directory: davinci_runs/test/first_stage/test_T1_0.6_K1_3/4209
2022-04-18 03:26:13.105212 run_davinci.py test/intro-questions.txt_dir//4209/question.txt davinci_runs/test/first_stage/test_T1_0.6_K1_3/4209 0.6 3
Apr 18 03:27:08 completed: 210, completed question: test/intro-questions.txt_dir//4209/question.txt
Apr 18 03:27:08 4210
Apr 18 03:27:08 completed: 210, next question: test/intro-questions.txt_dir//4210/question.txt
Apr 18 03:27:08 output directory: davinci_runs/test/first_stage/test_T1_0.6_K1_3/4210
2022-04-18 03:27:08.456262 run_davinci.py test/intro-questions.txt_dir//4210/question.txt davinci_runs/test/first_stage/test_T1_0.6_K1_3/4210 0.6 3
Apr 18 03:27:40 completed: 211, completed question: test/intro-questions.txt_dir//4210/question.txt
Apr 18 03:27:41 4211
Apr 18 03:27:41 completed: 211, next question: test/intro-questions.txt_dir//4211/question.txt
Apr 18 03:27:41 output directory: davinci_runs/test/first_stage/test_T1_0.6_K1_3/4211
2022-04-18 03:27:41.364381 run_davinci.py test/intro-questions.txt_dir//4211/question.txt davinci_runs/test/first_stage/test_T1_0.6_K1_3/4211 0.6 3
Apr 18 03:28:11 completed: 212, completed question: test/intro-questions.txt_dir//4211/question.txt
Apr 18 03:28:11 4212
Apr 18 03:28:11 completed: 212, next question: test/intro-questions.txt_dir//4212/question.txt
Apr 18 03:28:11 output directory: davinci_runs/test/first_stage/test_T1_0.6_K1_3/4212
2022-04-18 03:28:11.531928 run_davinci.py test/intro-questions.txt_dir//4212/question.txt davinci_runs/test/first_stage/test_T1_0.6_K1_3/4212 0.6 3
Apr 18 03:28:45 completed: 213, completed question: test/intro-questions.txt_dir//4212/question.txt
Apr 18 03:28:45 4213
Apr 18 03:28:45 completed: 213, next question: test/intro-questions.txt_dir//4213/question.txt
Apr 18 03:28:45 output directory: davinci_runs/test/first_stage/test_T1_0.6_K1_3/4213
2022-04-18 03:28:45.416666 run_davinci.py test/intro-questions.txt_dir//4213/question.txt davinci_runs/test/first_stage/test_T1_0.6_K1_3/4213 0.6 3
Apr 18 03:29:12 completed: 214, completed question: test/intro-questions.txt_dir//4213/question.txt
Apr 18 03:29:12 4214
Apr 18 03:29:12 completed: 214, next question: test/intro-questions.txt_dir//4214/question.txt
Apr 18 03:29:12 output directory: davinci_runs/test/first_stage/test_T1_0.6_K1_3/4214
2022-04-18 03:29:12.418040 run_davinci.py test/intro-questions.txt_dir//4214/question.txt davinci_runs/test/first_stage/test_T1_0.6_K1_3/4214 0.6 3
Apr 18 03:29:47 completed: 215, completed question: test/intro-questions.txt_dir//4214/question.txt
Apr 18 03:29:47 4215
Apr 18 03:29:47 completed: 215, next question: test/intro-questions.txt_dir//4215/question.txt
Apr 18 03:29:47 output directory: davinci_runs/test/first_stage/test_T1_0.6_K1_3/4215
2022-04-18 03:29:48.154930 run_davinci.py test/intro-questions.txt_dir//4215/question.txt davinci_runs/test/first_stage/test_T1_0.6_K1_3/4215 0.6 3
Apr 18 03:30:10 completed: 216, completed question: test/intro-questions.txt_dir//4215/question.txt
Apr 18 03:30:10 4216
Apr 18 03:30:11 completed: 216, next question: test/intro-questions.txt_dir//4216/question.txt
Apr 18 03:30:11 output directory: davinci_runs/test/first_stage/test_T1_0.6_K1_3/4216
2022-04-18 03:30:11.326842 run_davinci.py test/intro-questions.txt_dir//4216/question.txt davinci_runs/test/first_stage/test_T1_0.6_K1_3/4216 0.6 3
Apr 18 03:30:38 completed: 217, completed question: test/intro-questions.txt_dir//4216/question.txt
Apr 18 03:30:38 4217
Apr 18 03:30:38 completed: 217, next question: test/intro-questions.txt_dir//4217/question.txt
Apr 18 03:30:38 output directory: davinci_runs/test/first_stage/test_T1_0.6_K1_3/4217
2022-04-18 03:30:38.880944 run_davinci.py test/intro-questions.txt_dir//4217/question.txt davinci_runs/test/first_stage/test_T1_0.6_K1_3/4217 0.6 3
Apr 18 03:31:09 completed: 218, completed question: test/intro-questions.txt_dir//4217/question.txt
Apr 18 03:31:09 4218
Apr 18 03:31:09 completed: 218, next question: test/intro-questions.txt_dir//4218/question.txt
Apr 18 03:31:10 output directory: davinci_runs/test/first_stage/test_T1_0.6_K1_3/4218
2022-04-18 03:31:10.300000 run_davinci.py test/intro-questions.txt_dir//4218/question.txt davinci_runs/test/first_stage/test_T1_0.6_K1_3/4218 0.6 3
Apr 18 03:31:33 completed: 219, completed question: test/intro-questions.txt_dir//4218/question.txt
Apr 18 03:31:33 4219
Apr 18 03:31:33 completed: 219, next question: test/intro-questions.txt_dir//4219/question.txt
Apr 18 03:31:33 output directory: davinci_runs/test/first_stage/test_T1_0.6_K1_3/4219
2022-04-18 03:31:34.010173 run_davinci.py test/intro-questions.txt_dir//4219/question.txt davinci_runs/test/first_stage/test_T1_0.6_K1_3/4219 0.6 3
Apr 18 03:32:09 completed: 220, completed question: test/intro-questions.txt_dir//4219/question.txt
Apr 18 03:32:09 4220
Apr 18 03:32:09 completed: 220, next question: test/intro-questions.txt_dir//4220/question.txt
Apr 18 03:32:09 output directory: davinci_runs/test/first_stage/test_T1_0.6_K1_3/4220
2022-04-18 03:32:09.734753 run_davinci.py test/intro-questions.txt_dir//4220/question.txt davinci_runs/test/first_stage/test_T1_0.6_K1_3/4220 0.6 3
Apr 18 03:32:31 completed: 221, completed question: test/intro-questions.txt_dir//4220/question.txt
Apr 18 03:32:31 4221
Apr 18 03:32:31 completed: 221, next question: test/intro-questions.txt_dir//4221/question.txt
Apr 18 03:32:31 output directory: davinci_runs/test/first_stage/test_T1_0.6_K1_3/4221
2022-04-18 03:32:31.591653 run_davinci.py test/intro-questions.txt_dir//4221/question.txt davinci_runs/test/first_stage/test_T1_0.6_K1_3/4221 0.6 3
Apr 18 03:32:55 completed: 222, completed question: test/intro-questions.txt_dir//4221/question.txt
Apr 18 03:32:55 4222
Apr 18 03:32:55 completed: 222, next question: test/intro-questions.txt_dir//4222/question.txt
Apr 18 03:32:55 output directory: davinci_runs/test/first_stage/test_T1_0.6_K1_3/4222
2022-04-18 03:32:55.833720 run_davinci.py test/intro-questions.txt_dir//4222/question.txt davinci_runs/test/first_stage/test_T1_0.6_K1_3/4222 0.6 3
Apr 18 03:34:30 completed: 223, completed question: test/intro-questions.txt_dir//4222/question.txt
Apr 18 03:34:30 4223
Apr 18 03:34:30 completed: 223, next question: test/intro-questions.txt_dir//4223/question.txt
Apr 18 03:34:30 output directory: davinci_runs/test/first_stage/test_T1_0.6_K1_3/4223
2022-04-18 03:34:31.051163 run_davinci.py test/intro-questions.txt_dir//4223/question.txt davinci_runs/test/first_stage/test_T1_0.6_K1_3/4223 0.6 3
Apr 18 03:34:57 completed: 224, completed question: test/intro-questions.txt_dir//4223/question.txt
Apr 18 03:34:57 4224
Apr 18 03:34:57 completed: 224, next question: test/intro-questions.txt_dir//4224/question.txt
Apr 18 03:34:57 output directory: davinci_runs/test/first_stage/test_T1_0.6_K1_3/4224
2022-04-18 03:34:57.673688 run_davinci.py test/intro-questions.txt_dir//4224/question.txt davinci_runs/test/first_stage/test_T1_0.6_K1_3/4224 0.6 3
Apr 18 03:35:25 completed: 225, completed question: test/intro-questions.txt_dir//4224/question.txt
Apr 18 03:35:25 4225
Apr 18 03:35:25 completed: 225, next question: test/intro-questions.txt_dir//4225/question.txt
Apr 18 03:35:25 output directory: davinci_runs/test/first_stage/test_T1_0.6_K1_3/4225
2022-04-18 03:35:25.949447 run_davinci.py test/intro-questions.txt_dir//4225/question.txt davinci_runs/test/first_stage/test_T1_0.6_K1_3/4225 0.6 3
Apr 18 03:35:48 completed: 226, completed question: test/intro-questions.txt_dir//4225/question.txt
Apr 18 03:35:48 4226
Apr 18 03:35:48 completed: 226, next question: test/intro-questions.txt_dir//4226/question.txt
Apr 18 03:35:48 output directory: davinci_runs/test/first_stage/test_T1_0.6_K1_3/4226
2022-04-18 03:35:48.377111 run_davinci.py test/intro-questions.txt_dir//4226/question.txt davinci_runs/test/first_stage/test_T1_0.6_K1_3/4226 0.6 3
Apr 18 03:36:11 completed: 227, completed question: test/intro-questions.txt_dir//4226/question.txt
Apr 18 03:36:11 4227
Apr 18 03:36:11 completed: 227, next question: test/intro-questions.txt_dir//4227/question.txt
Apr 18 03:36:11 output directory: davinci_runs/test/first_stage/test_T1_0.6_K1_3/4227
2022-04-18 03:36:11.753787 run_davinci.py test/intro-questions.txt_dir//4227/question.txt davinci_runs/test/first_stage/test_T1_0.6_K1_3/4227 0.6 3
Apr 18 03:37:47 completed: 228, completed question: test/intro-questions.txt_dir//4227/question.txt
Apr 18 03:37:47 4228
Apr 18 03:37:47 completed: 228, next question: test/intro-questions.txt_dir//4228/question.txt
Apr 18 03:37:47 output directory: davinci_runs/test/first_stage/test_T1_0.6_K1_3/4228
2022-04-18 03:37:47.694689 run_davinci.py test/intro-questions.txt_dir//4228/question.txt davinci_runs/test/first_stage/test_T1_0.6_K1_3/4228 0.6 3
Apr 18 03:38:10 completed: 229, completed question: test/intro-questions.txt_dir//4228/question.txt
Apr 18 03:38:10 4229
Apr 18 03:38:10 completed: 229, next question: test/intro-questions.txt_dir//4229/question.txt
Apr 18 03:38:10 output directory: davinci_runs/test/first_stage/test_T1_0.6_K1_3/4229
2022-04-18 03:38:10.462921 run_davinci.py test/intro-questions.txt_dir//4229/question.txt davinci_runs/test/first_stage/test_T1_0.6_K1_3/4229 0.6 3
Apr 18 03:38:38 completed: 230, completed question: test/intro-questions.txt_dir//4229/question.txt
Apr 18 03:38:38 4230
Apr 18 03:38:39 completed: 230, next question: test/intro-questions.txt_dir//4230/question.txt
Apr 18 03:38:39 output directory: davinci_runs/test/first_stage/test_T1_0.6_K1_3/4230
2022-04-18 03:38:39.306822 run_davinci.py test/intro-questions.txt_dir//4230/question.txt davinci_runs/test/first_stage/test_T1_0.6_K1_3/4230 0.6 3
Apr 18 03:39:14 completed: 231, completed question: test/intro-questions.txt_dir//4230/question.txt
Apr 18 03:39:14 4231
Apr 18 03:39:14 completed: 231, next question: test/intro-questions.txt_dir//4231/question.txt
Apr 18 03:39:14 output directory: davinci_runs/test/first_stage/test_T1_0.6_K1_3/4231
2022-04-18 03:39:14.372114 run_davinci.py test/intro-questions.txt_dir//4231/question.txt davinci_runs/test/first_stage/test_T1_0.6_K1_3/4231 0.6 3
Apr 18 03:39:41 completed: 232, completed question: test/intro-questions.txt_dir//4231/question.txt
Apr 18 03:39:41 4232
Apr 18 03:39:41 completed: 232, next question: test/intro-questions.txt_dir//4232/question.txt
Apr 18 03:39:41 output directory: davinci_runs/test/first_stage/test_T1_0.6_K1_3/4232
2022-04-18 03:39:42.086278 run_davinci.py test/intro-questions.txt_dir//4232/question.txt davinci_runs/test/first_stage/test_T1_0.6_K1_3/4232 0.6 3
Apr 18 03:40:08 completed: 233, completed question: test/intro-questions.txt_dir//4232/question.txt
Apr 18 03:40:08 4233
Apr 18 03:40:08 completed: 233, next question: test/intro-questions.txt_dir//4233/question.txt
Apr 18 03:40:08 output directory: davinci_runs/test/first_stage/test_T1_0.6_K1_3/4233
2022-04-18 03:40:09.177720 run_davinci.py test/intro-questions.txt_dir//4233/question.txt davinci_runs/test/first_stage/test_T1_0.6_K1_3/4233 0.6 3
Apr 18 03:41:02 completed: 234, completed question: test/intro-questions.txt_dir//4233/question.txt
Apr 18 03:41:02 4234
Apr 18 03:41:02 completed: 234, next question: test/intro-questions.txt_dir//4234/question.txt
Apr 18 03:41:02 output directory: davinci_runs/test/first_stage/test_T1_0.6_K1_3/4234
2022-04-18 03:41:03.241701 run_davinci.py test/intro-questions.txt_dir//4234/question.txt davinci_runs/test/first_stage/test_T1_0.6_K1_3/4234 0.6 3
Apr 18 03:42:02 completed: 235, completed question: test/intro-questions.txt_dir//4234/question.txt
Apr 18 03:42:02 4235
Apr 18 03:42:02 completed: 235, next question: test/intro-questions.txt_dir//4235/question.txt
Apr 18 03:42:02 output directory: davinci_runs/test/first_stage/test_T1_0.6_K1_3/4235
2022-04-18 03:42:02.935756 run_davinci.py test/intro-questions.txt_dir//4235/question.txt davinci_runs/test/first_stage/test_T1_0.6_K1_3/4235 0.6 3
Apr 18 03:42:51 completed: 236, completed question: test/intro-questions.txt_dir//4235/question.txt
Apr 18 03:42:51 4236
Apr 18 03:42:51 completed: 236, next question: test/intro-questions.txt_dir//4236/question.txt
Apr 18 03:42:51 output directory: davinci_runs/test/first_stage/test_T1_0.6_K1_3/4236
2022-04-18 03:42:52.241012 run_davinci.py test/intro-questions.txt_dir//4236/question.txt davinci_runs/test/first_stage/test_T1_0.6_K1_3/4236 0.6 3
Apr 18 03:43:24 completed: 237, completed question: test/intro-questions.txt_dir//4236/question.txt
Apr 18 03:43:24 4237
Apr 18 03:43:24 completed: 237, next question: test/intro-questions.txt_dir//4237/question.txt
Apr 18 03:43:24 output directory: davinci_runs/test/first_stage/test_T1_0.6_K1_3/4237
2022-04-18 03:43:24.389679 run_davinci.py test/intro-questions.txt_dir//4237/question.txt davinci_runs/test/first_stage/test_T1_0.6_K1_3/4237 0.6 3
Apr 18 03:43:53 completed: 238, completed question: test/intro-questions.txt_dir//4237/question.txt
Apr 18 03:43:53 4238
Apr 18 03:43:53 completed: 238, next question: test/intro-questions.txt_dir//4238/question.txt
Apr 18 03:43:53 output directory: davinci_runs/test/first_stage/test_T1_0.6_K1_3/4238
2022-04-18 03:43:53.870358 run_davinci.py test/intro-questions.txt_dir//4238/question.txt davinci_runs/test/first_stage/test_T1_0.6_K1_3/4238 0.6 3
Apr 18 03:44:16 completed: 239, completed question: test/intro-questions.txt_dir//4238/question.txt
Apr 18 03:44:16 4239
Apr 18 03:44:16 completed: 239, next question: test/intro-questions.txt_dir//4239/question.txt
Apr 18 03:44:16 output directory: davinci_runs/test/first_stage/test_T1_0.6_K1_3/4239
2022-04-18 03:44:17.221336 run_davinci.py test/intro-questions.txt_dir//4239/question.txt davinci_runs/test/first_stage/test_T1_0.6_K1_3/4239 0.6 3
Apr 18 03:44:40 completed: 240, completed question: test/intro-questions.txt_dir//4239/question.txt
Apr 18 03:44:40 4240
Apr 18 03:44:40 completed: 240, next question: test/intro-questions.txt_dir//4240/question.txt
Apr 18 03:44:40 output directory: davinci_runs/test/first_stage/test_T1_0.6_K1_3/4240
2022-04-18 03:44:40.620709 run_davinci.py test/intro-questions.txt_dir//4240/question.txt davinci_runs/test/first_stage/test_T1_0.6_K1_3/4240 0.6 3
Apr 18 03:45:04 completed: 241, completed question: test/intro-questions.txt_dir//4240/question.txt
Apr 18 03:45:04 4241
Apr 18 03:45:04 completed: 241, next question: test/intro-questions.txt_dir//4241/question.txt
Apr 18 03:45:04 output directory: davinci_runs/test/first_stage/test_T1_0.6_K1_3/4241
2022-04-18 03:45:04.900745 run_davinci.py test/intro-questions.txt_dir//4241/question.txt davinci_runs/test/first_stage/test_T1_0.6_K1_3/4241 0.6 3
Apr 18 03:45:38 completed: 242, completed question: test/intro-questions.txt_dir//4241/question.txt
Apr 18 03:45:38 4242
Apr 18 03:45:38 completed: 242, next question: test/intro-questions.txt_dir//4242/question.txt
Apr 18 03:45:38 output directory: davinci_runs/test/first_stage/test_T1_0.6_K1_3/4242
2022-04-18 03:45:38.431398 run_davinci.py test/intro-questions.txt_dir//4242/question.txt davinci_runs/test/first_stage/test_T1_0.6_K1_3/4242 0.6 3
Apr 18 03:46:05 completed: 243, completed question: test/intro-questions.txt_dir//4242/question.txt
Apr 18 03:46:05 4243
Apr 18 03:46:05 completed: 243, next question: test/intro-questions.txt_dir//4243/question.txt
Apr 18 03:46:05 output directory: davinci_runs/test/first_stage/test_T1_0.6_K1_3/4243
2022-04-18 03:46:05.696791 run_davinci.py test/intro-questions.txt_dir//4243/question.txt davinci_runs/test/first_stage/test_T1_0.6_K1_3/4243 0.6 3
Apr 18 03:46:28 completed: 244, completed question: test/intro-questions.txt_dir//4243/question.txt
Apr 18 03:46:28 4244
Apr 18 03:46:28 completed: 244, next question: test/intro-questions.txt_dir//4244/question.txt
Apr 18 03:46:28 output directory: davinci_runs/test/first_stage/test_T1_0.6_K1_3/4244
2022-04-18 03:46:28.487932 run_davinci.py test/intro-questions.txt_dir//4244/question.txt davinci_runs/test/first_stage/test_T1_0.6_K1_3/4244 0.6 3
Apr 18 03:46:53 completed: 245, completed question: test/intro-questions.txt_dir//4244/question.txt
Apr 18 03:46:53 4245
Apr 18 03:46:53 completed: 245, next question: test/intro-questions.txt_dir//4245/question.txt
Apr 18 03:46:53 output directory: davinci_runs/test/first_stage/test_T1_0.6_K1_3/4245
2022-04-18 03:46:53.811552 run_davinci.py test/intro-questions.txt_dir//4245/question.txt davinci_runs/test/first_stage/test_T1_0.6_K1_3/4245 0.6 3
Apr 18 03:47:15 completed: 246, completed question: test/intro-questions.txt_dir//4245/question.txt
Apr 18 03:47:15 4246
Apr 18 03:47:15 completed: 246, next question: test/intro-questions.txt_dir//4246/question.txt
Apr 18 03:47:15 output directory: davinci_runs/test/first_stage/test_T1_0.6_K1_3/4246
2022-04-18 03:47:16.106633 run_davinci.py test/intro-questions.txt_dir//4246/question.txt davinci_runs/test/first_stage/test_T1_0.6_K1_3/4246 0.6 3
Apr 18 03:47:41 completed: 247, completed question: test/intro-questions.txt_dir//4246/question.txt
Apr 18 03:47:41 4247
Apr 18 03:47:41 completed: 247, next question: test/intro-questions.txt_dir//4247/question.txt
Apr 18 03:47:41 output directory: davinci_runs/test/first_stage/test_T1_0.6_K1_3/4247
2022-04-18 03:47:41.661036 run_davinci.py test/intro-questions.txt_dir//4247/question.txt davinci_runs/test/first_stage/test_T1_0.6_K1_3/4247 0.6 3
Apr 18 03:48:07 completed: 248, completed question: test/intro-questions.txt_dir//4247/question.txt
Apr 18 03:48:07 4248
Apr 18 03:48:07 completed: 248, next question: test/intro-questions.txt_dir//4248/question.txt
Apr 18 03:48:07 output directory: davinci_runs/test/first_stage/test_T1_0.6_K1_3/4248
2022-04-18 03:48:07.963446 run_davinci.py test/intro-questions.txt_dir//4248/question.txt davinci_runs/test/first_stage/test_T1_0.6_K1_3/4248 0.6 3
Apr 18 03:49:09 completed: 249, completed question: test/intro-questions.txt_dir//4248/question.txt
Apr 18 03:49:09 4249
Apr 18 03:49:09 completed: 249, next question: test/intro-questions.txt_dir//4249/question.txt
Apr 18 03:49:09 output directory: davinci_runs/test/first_stage/test_T1_0.6_K1_3/4249
Traceback (most recent call last):
  File "run_davinci.py", line 129, in <module>
    run_davinci(path, out_dir)
  File "run_davinci.py", line 65, in run_davinci
    n=N_SOLUTIONS
  File "/opt/conda/lib/python3.7/site-packages/openai/api_resources/completion.py", line 31, in create
    return super().create(*args, **kwargs)
  File "/opt/conda/lib/python3.7/site-packages/openai/api_resources/abstract/engine_api_resource.py", line 106, in create
    request_id=request_id,
  File "/opt/conda/lib/python3.7/site-packages/openai/api_requestor.py", line 120, in request
    resp, got_stream = self._interpret_response(result, stream)
  File "/opt/conda/lib/python3.7/site-packages/openai/api_requestor.py", line 328, in _interpret_response
    result.content, result.status_code, result.headers, stream=False
  File "/opt/conda/lib/python3.7/site-packages/openai/api_requestor.py", line 361, in _interpret_response_line
    rbody, rcode, resp.data, rheaders, stream_error=stream_error
openai.error.InvalidRequestError: This model's maximum context length is 4001 tokens, however you requested 4217 tokens (1017 in your prompt; 3200 for the completion). Please reduce your prompt; or completion length.
2022-04-18 03:49:09.606860 run_davinci.py test/intro-questions.txt_dir//4249/question.txt davinci_runs/test/first_stage/test_T1_0.6_K1_3/4249 0.6 3
Apr 18 03:49:09 completed: 250, completed question: test/intro-questions.txt_dir//4249/question.txt
Apr 18 03:49:09 4250
Apr 18 03:49:09 completed: 250, next question: test/intro-questions.txt_dir//4250/question.txt
Apr 18 03:49:09 output directory: davinci_runs/test/first_stage/test_T1_0.6_K1_3/4250
Traceback (most recent call last):
  File "run_davinci.py", line 129, in <module>
    run_davinci(path, out_dir)
  File "run_davinci.py", line 65, in run_davinci
    n=N_SOLUTIONS
  File "/opt/conda/lib/python3.7/site-packages/openai/api_resources/completion.py", line 31, in create
    return super().create(*args, **kwargs)
  File "/opt/conda/lib/python3.7/site-packages/openai/api_resources/abstract/engine_api_resource.py", line 106, in create
    request_id=request_id,
  File "/opt/conda/lib/python3.7/site-packages/openai/api_requestor.py", line 120, in request
    resp, got_stream = self._interpret_response(result, stream)
  File "/opt/conda/lib/python3.7/site-packages/openai/api_requestor.py", line 328, in _interpret_response
    result.content, result.status_code, result.headers, stream=False
  File "/opt/conda/lib/python3.7/site-packages/openai/api_requestor.py", line 361, in _interpret_response_line
    rbody, rcode, resp.data, rheaders, stream_error=stream_error
openai.error.InvalidRequestError: This model's maximum context length is 4001 tokens, however you requested 4006 tokens (806 in your prompt; 3200 for the completion). Please reduce your prompt; or completion length.
2022-04-18 03:49:10.202031 run_davinci.py test/intro-questions.txt_dir//4250/question.txt davinci_runs/test/first_stage/test_T1_0.6_K1_3/4250 0.6 3
Apr 18 03:49:10 completed: 251, completed question: test/intro-questions.txt_dir//4250/question.txt
Apr 18 03:49:10 4251
Apr 18 03:49:10 completed: 251, next question: test/intro-questions.txt_dir//4251/question.txt
Apr 18 03:49:10 output directory: davinci_runs/test/first_stage/test_T1_0.6_K1_3/4251
2022-04-18 03:49:10.785027 run_davinci.py test/intro-questions.txt_dir//4251/question.txt davinci_runs/test/first_stage/test_T1_0.6_K1_3/4251 0.6 3
Apr 18 03:49:50 completed: 252, completed question: test/intro-questions.txt_dir//4251/question.txt
Apr 18 03:49:50 4252
Apr 18 03:49:50 completed: 252, next question: test/intro-questions.txt_dir//4252/question.txt
Apr 18 03:49:50 output directory: davinci_runs/test/first_stage/test_T1_0.6_K1_3/4252
2022-04-18 03:49:50.400278 run_davinci.py test/intro-questions.txt_dir//4252/question.txt davinci_runs/test/first_stage/test_T1_0.6_K1_3/4252 0.6 3
Apr 18 03:50:18 completed: 253, completed question: test/intro-questions.txt_dir//4252/question.txt
Apr 18 03:50:18 4253
Apr 18 03:50:18 completed: 253, next question: test/intro-questions.txt_dir//4253/question.txt
Apr 18 03:50:18 output directory: davinci_runs/test/first_stage/test_T1_0.6_K1_3/4253
2022-04-18 03:50:18.461594 run_davinci.py test/intro-questions.txt_dir//4253/question.txt davinci_runs/test/first_stage/test_T1_0.6_K1_3/4253 0.6 3
Apr 18 03:50:40 completed: 254, completed question: test/intro-questions.txt_dir//4253/question.txt
Apr 18 03:50:40 4254
Apr 18 03:50:40 completed: 254, next question: test/intro-questions.txt_dir//4254/question.txt
Apr 18 03:50:40 output directory: davinci_runs/test/first_stage/test_T1_0.6_K1_3/4254
2022-04-18 03:50:40.889350 run_davinci.py test/intro-questions.txt_dir//4254/question.txt davinci_runs/test/first_stage/test_T1_0.6_K1_3/4254 0.6 3
Apr 18 03:51:02 completed: 255, completed question: test/intro-questions.txt_dir//4254/question.txt
Apr 18 03:51:02 4255
Apr 18 03:51:02 completed: 255, next question: test/intro-questions.txt_dir//4255/question.txt
Apr 18 03:51:02 output directory: davinci_runs/test/first_stage/test_T1_0.6_K1_3/4255
2022-04-18 03:51:03.420654 run_davinci.py test/intro-questions.txt_dir//4255/question.txt davinci_runs/test/first_stage/test_T1_0.6_K1_3/4255 0.6 3
Apr 18 03:51:27 completed: 256, completed question: test/intro-questions.txt_dir//4255/question.txt
Apr 18 03:51:27 4256
Apr 18 03:51:27 completed: 256, next question: test/intro-questions.txt_dir//4256/question.txt
Apr 18 03:51:27 output directory: davinci_runs/test/first_stage/test_T1_0.6_K1_3/4256
2022-04-18 03:51:28.078008 run_davinci.py test/intro-questions.txt_dir//4256/question.txt davinci_runs/test/first_stage/test_T1_0.6_K1_3/4256 0.6 3
Apr 18 03:51:51 completed: 257, completed question: test/intro-questions.txt_dir//4256/question.txt
Apr 18 03:51:51 4257
Apr 18 03:51:51 completed: 257, next question: test/intro-questions.txt_dir//4257/question.txt
Apr 18 03:51:51 output directory: davinci_runs/test/first_stage/test_T1_0.6_K1_3/4257
2022-04-18 03:51:52.045377 run_davinci.py test/intro-questions.txt_dir//4257/question.txt davinci_runs/test/first_stage/test_T1_0.6_K1_3/4257 0.6 3
Apr 18 03:52:16 completed: 258, completed question: test/intro-questions.txt_dir//4257/question.txt
Apr 18 03:52:16 4258
Apr 18 03:52:16 completed: 258, next question: test/intro-questions.txt_dir//4258/question.txt
Apr 18 03:52:16 output directory: davinci_runs/test/first_stage/test_T1_0.6_K1_3/4258
2022-04-18 03:52:17.178617 run_davinci.py test/intro-questions.txt_dir//4258/question.txt davinci_runs/test/first_stage/test_T1_0.6_K1_3/4258 0.6 3
Apr 18 03:52:43 completed: 259, completed question: test/intro-questions.txt_dir//4258/question.txt
Apr 18 03:52:43 4259
Apr 18 03:52:43 completed: 259, next question: test/intro-questions.txt_dir//4259/question.txt
Apr 18 03:52:43 output directory: davinci_runs/test/first_stage/test_T1_0.6_K1_3/4259
2022-04-18 03:52:43.717967 run_davinci.py test/intro-questions.txt_dir//4259/question.txt davinci_runs/test/first_stage/test_T1_0.6_K1_3/4259 0.6 3
Apr 18 03:53:11 completed: 260, completed question: test/intro-questions.txt_dir//4259/question.txt
Apr 18 03:53:11 4260
Apr 18 03:53:11 completed: 260, next question: test/intro-questions.txt_dir//4260/question.txt
Apr 18 03:53:11 output directory: davinci_runs/test/first_stage/test_T1_0.6_K1_3/4260
2022-04-18 03:53:11.669933 run_davinci.py test/intro-questions.txt_dir//4260/question.txt davinci_runs/test/first_stage/test_T1_0.6_K1_3/4260 0.6 3
Apr 18 03:53:36 completed: 261, completed question: test/intro-questions.txt_dir//4260/question.txt
Apr 18 03:53:36 4261
Apr 18 03:53:36 completed: 261, next question: test/intro-questions.txt_dir//4261/question.txt
Apr 18 03:53:36 output directory: davinci_runs/test/first_stage/test_T1_0.6_K1_3/4261
2022-04-18 03:53:37.160779 run_davinci.py test/intro-questions.txt_dir//4261/question.txt davinci_runs/test/first_stage/test_T1_0.6_K1_3/4261 0.6 3
Apr 18 03:54:01 completed: 262, completed question: test/intro-questions.txt_dir//4261/question.txt
Apr 18 03:54:01 4262
Apr 18 03:54:01 completed: 262, next question: test/intro-questions.txt_dir//4262/question.txt
Apr 18 03:54:01 output directory: davinci_runs/test/first_stage/test_T1_0.6_K1_3/4262
2022-04-18 03:54:01.678381 run_davinci.py test/intro-questions.txt_dir//4262/question.txt davinci_runs/test/first_stage/test_T1_0.6_K1_3/4262 0.6 3
Apr 18 03:54:30 completed: 263, completed question: test/intro-questions.txt_dir//4262/question.txt
Apr 18 03:54:30 4263
Apr 18 03:54:30 completed: 263, next question: test/intro-questions.txt_dir//4263/question.txt
Apr 18 03:54:30 output directory: davinci_runs/test/first_stage/test_T1_0.6_K1_3/4263
2022-04-18 03:54:30.568084 run_davinci.py test/intro-questions.txt_dir//4263/question.txt davinci_runs/test/first_stage/test_T1_0.6_K1_3/4263 0.6 3
Apr 18 03:54:59 completed: 264, completed question: test/intro-questions.txt_dir//4263/question.txt
Apr 18 03:54:59 4264
Apr 18 03:54:59 completed: 264, next question: test/intro-questions.txt_dir//4264/question.txt
Apr 18 03:54:59 output directory: davinci_runs/test/first_stage/test_T1_0.6_K1_3/4264
2022-04-18 03:54:59.937899 run_davinci.py test/intro-questions.txt_dir//4264/question.txt davinci_runs/test/first_stage/test_T1_0.6_K1_3/4264 0.6 3
Apr 18 03:55:26 completed: 265, completed question: test/intro-questions.txt_dir//4264/question.txt
Apr 18 03:55:26 4265
Apr 18 03:55:26 completed: 265, next question: test/intro-questions.txt_dir//4265/question.txt
Apr 18 03:55:26 output directory: davinci_runs/test/first_stage/test_T1_0.6_K1_3/4265
2022-04-18 03:55:26.452988 run_davinci.py test/intro-questions.txt_dir//4265/question.txt davinci_runs/test/first_stage/test_T1_0.6_K1_3/4265 0.6 3
Apr 18 03:55:50 completed: 266, completed question: test/intro-questions.txt_dir//4265/question.txt
Apr 18 03:55:50 4266
Apr 18 03:55:50 completed: 266, next question: test/intro-questions.txt_dir//4266/question.txt
Apr 18 03:55:50 output directory: davinci_runs/test/first_stage/test_T1_0.6_K1_3/4266
2022-04-18 03:55:50.780389 run_davinci.py test/intro-questions.txt_dir//4266/question.txt davinci_runs/test/first_stage/test_T1_0.6_K1_3/4266 0.6 3
Apr 18 03:56:13 completed: 267, completed question: test/intro-questions.txt_dir//4266/question.txt
Apr 18 03:56:13 4267
Apr 18 03:56:13 completed: 267, next question: test/intro-questions.txt_dir//4267/question.txt
Apr 18 03:56:13 output directory: davinci_runs/test/first_stage/test_T1_0.6_K1_3/4267
2022-04-18 03:56:14.007075 run_davinci.py test/intro-questions.txt_dir//4267/question.txt davinci_runs/test/first_stage/test_T1_0.6_K1_3/4267 0.6 3
Apr 18 03:56:37 completed: 268, completed question: test/intro-questions.txt_dir//4267/question.txt
Apr 18 03:56:37 4268
Apr 18 03:56:37 completed: 268, next question: test/intro-questions.txt_dir//4268/question.txt
Apr 18 03:56:37 output directory: davinci_runs/test/first_stage/test_T1_0.6_K1_3/4268
2022-04-18 03:56:37.463704 run_davinci.py test/intro-questions.txt_dir//4268/question.txt davinci_runs/test/first_stage/test_T1_0.6_K1_3/4268 0.6 3
Apr 18 03:57:08 completed: 269, completed question: test/intro-questions.txt_dir//4268/question.txt
Apr 18 03:57:08 4269
Apr 18 03:57:08 completed: 269, next question: test/intro-questions.txt_dir//4269/question.txt
Apr 18 03:57:08 output directory: davinci_runs/test/first_stage/test_T1_0.6_K1_3/4269
2022-04-18 03:57:08.865024 run_davinci.py test/intro-questions.txt_dir//4269/question.txt davinci_runs/test/first_stage/test_T1_0.6_K1_3/4269 0.6 3
Apr 18 03:57:42 completed: 270, completed question: test/intro-questions.txt_dir//4269/question.txt
Apr 18 03:57:42 4270
Apr 18 03:57:42 completed: 270, next question: test/intro-questions.txt_dir//4270/question.txt
Apr 18 03:57:42 output directory: davinci_runs/test/first_stage/test_T1_0.6_K1_3/4270
2022-04-18 03:57:42.361313 run_davinci.py test/intro-questions.txt_dir//4270/question.txt davinci_runs/test/first_stage/test_T1_0.6_K1_3/4270 0.6 3
Apr 18 03:58:09 completed: 271, completed question: test/intro-questions.txt_dir//4270/question.txt
Apr 18 03:58:09 4271
Apr 18 03:58:09 completed: 271, next question: test/intro-questions.txt_dir//4271/question.txt
Apr 18 03:58:09 output directory: davinci_runs/test/first_stage/test_T1_0.6_K1_3/4271
2022-04-18 03:58:09.676738 run_davinci.py test/intro-questions.txt_dir//4271/question.txt davinci_runs/test/first_stage/test_T1_0.6_K1_3/4271 0.6 3
Apr 18 03:58:44 completed: 272, completed question: test/intro-questions.txt_dir//4271/question.txt
Apr 18 03:58:44 4272
Apr 18 03:58:44 completed: 272, next question: test/intro-questions.txt_dir//4272/question.txt
Apr 18 03:58:44 output directory: davinci_runs/test/first_stage/test_T1_0.6_K1_3/4272
2022-04-18 03:58:44.721685 run_davinci.py test/intro-questions.txt_dir//4272/question.txt davinci_runs/test/first_stage/test_T1_0.6_K1_3/4272 0.6 3
Apr 18 03:59:12 completed: 273, completed question: test/intro-questions.txt_dir//4272/question.txt
Apr 18 03:59:12 4273
Apr 18 03:59:12 completed: 273, next question: test/intro-questions.txt_dir//4273/question.txt
Apr 18 03:59:12 output directory: davinci_runs/test/first_stage/test_T1_0.6_K1_3/4273
2022-04-18 03:59:12.840333 run_davinci.py test/intro-questions.txt_dir//4273/question.txt davinci_runs/test/first_stage/test_T1_0.6_K1_3/4273 0.6 3
Apr 18 03:59:57 completed: 274, completed question: test/intro-questions.txt_dir//4273/question.txt
Apr 18 03:59:57 4274
Apr 18 03:59:57 completed: 274, next question: test/intro-questions.txt_dir//4274/question.txt
Apr 18 03:59:57 output directory: davinci_runs/test/first_stage/test_T1_0.6_K1_3/4274
2022-04-18 03:59:57.431451 run_davinci.py test/intro-questions.txt_dir//4274/question.txt davinci_runs/test/first_stage/test_T1_0.6_K1_3/4274 0.6 3
Apr 18 04:00:20 completed: 275, completed question: test/intro-questions.txt_dir//4274/question.txt
Apr 18 04:00:20 4275
Apr 18 04:00:20 completed: 275, next question: test/intro-questions.txt_dir//4275/question.txt
Apr 18 04:00:20 output directory: davinci_runs/test/first_stage/test_T1_0.6_K1_3/4275
2022-04-18 04:00:20.555219 run_davinci.py test/intro-questions.txt_dir//4275/question.txt davinci_runs/test/first_stage/test_T1_0.6_K1_3/4275 0.6 3
Apr 18 04:00:44 completed: 276, completed question: test/intro-questions.txt_dir//4275/question.txt
Apr 18 04:00:44 4276
Apr 18 04:00:44 completed: 276, next question: test/intro-questions.txt_dir//4276/question.txt
Apr 18 04:00:45 output directory: davinci_runs/test/first_stage/test_T1_0.6_K1_3/4276
2022-04-18 04:00:45.292739 run_davinci.py test/intro-questions.txt_dir//4276/question.txt davinci_runs/test/first_stage/test_T1_0.6_K1_3/4276 0.6 3
Apr 18 04:01:19 completed: 277, completed question: test/intro-questions.txt_dir//4276/question.txt
Apr 18 04:01:19 4277
Apr 18 04:01:19 completed: 277, next question: test/intro-questions.txt_dir//4277/question.txt
Apr 18 04:01:19 output directory: davinci_runs/test/first_stage/test_T1_0.6_K1_3/4277
2022-04-18 04:01:19.812387 run_davinci.py test/intro-questions.txt_dir//4277/question.txt davinci_runs/test/first_stage/test_T1_0.6_K1_3/4277 0.6 3
Apr 18 04:01:43 completed: 278, completed question: test/intro-questions.txt_dir//4277/question.txt
Apr 18 04:01:43 4278
Apr 18 04:01:43 completed: 278, next question: test/intro-questions.txt_dir//4278/question.txt
Apr 18 04:01:43 output directory: davinci_runs/test/first_stage/test_T1_0.6_K1_3/4278
2022-04-18 04:01:44.154668 run_davinci.py test/intro-questions.txt_dir//4278/question.txt davinci_runs/test/first_stage/test_T1_0.6_K1_3/4278 0.6 3
Apr 18 04:02:10 completed: 279, completed question: test/intro-questions.txt_dir//4278/question.txt
Apr 18 04:02:10 4279
Apr 18 04:02:10 completed: 279, next question: test/intro-questions.txt_dir//4279/question.txt
Apr 18 04:02:10 output directory: davinci_runs/test/first_stage/test_T1_0.6_K1_3/4279
2022-04-18 04:02:10.727090 run_davinci.py test/intro-questions.txt_dir//4279/question.txt davinci_runs/test/first_stage/test_T1_0.6_K1_3/4279 0.6 3
Apr 18 04:02:47 completed: 280, completed question: test/intro-questions.txt_dir//4279/question.txt
Apr 18 04:02:47 4280
Apr 18 04:02:47 completed: 280, next question: test/intro-questions.txt_dir//4280/question.txt
Apr 18 04:02:47 output directory: davinci_runs/test/first_stage/test_T1_0.6_K1_3/4280
2022-04-18 04:02:47.831762 run_davinci.py test/intro-questions.txt_dir//4280/question.txt davinci_runs/test/first_stage/test_T1_0.6_K1_3/4280 0.6 3
Apr 18 04:04:10 completed: 281, completed question: test/intro-questions.txt_dir//4280/question.txt
Apr 18 04:04:10 4281
Apr 18 04:04:10 completed: 281, next question: test/intro-questions.txt_dir//4281/question.txt
Apr 18 04:04:10 output directory: davinci_runs/test/first_stage/test_T1_0.6_K1_3/4281
2022-04-18 04:04:10.548280 run_davinci.py test/intro-questions.txt_dir//4281/question.txt davinci_runs/test/first_stage/test_T1_0.6_K1_3/4281 0.6 3
Apr 18 04:04:45 completed: 282, completed question: test/intro-questions.txt_dir//4281/question.txt
Apr 18 04:04:45 4282
Apr 18 04:04:45 completed: 282, next question: test/intro-questions.txt_dir//4282/question.txt
Apr 18 04:04:45 output directory: davinci_runs/test/first_stage/test_T1_0.6_K1_3/4282
2022-04-18 04:04:45.891720 run_davinci.py test/intro-questions.txt_dir//4282/question.txt davinci_runs/test/first_stage/test_T1_0.6_K1_3/4282 0.6 3
Apr 18 04:05:20 completed: 283, completed question: test/intro-questions.txt_dir//4282/question.txt
Apr 18 04:05:20 4283
Apr 18 04:05:20 completed: 283, next question: test/intro-questions.txt_dir//4283/question.txt
Apr 18 04:05:20 output directory: davinci_runs/test/first_stage/test_T1_0.6_K1_3/4283
2022-04-18 04:05:21.267061 run_davinci.py test/intro-questions.txt_dir//4283/question.txt davinci_runs/test/first_stage/test_T1_0.6_K1_3/4283 0.6 3
Apr 18 04:05:49 completed: 284, completed question: test/intro-questions.txt_dir//4283/question.txt
Apr 18 04:05:49 4284
Apr 18 04:05:49 completed: 284, next question: test/intro-questions.txt_dir//4284/question.txt
Apr 18 04:05:49 output directory: davinci_runs/test/first_stage/test_T1_0.6_K1_3/4284
2022-04-18 04:05:49.693350 run_davinci.py test/intro-questions.txt_dir//4284/question.txt davinci_runs/test/first_stage/test_T1_0.6_K1_3/4284 0.6 3
Apr 18 04:06:15 completed: 285, completed question: test/intro-questions.txt_dir//4284/question.txt
Apr 18 04:06:15 4285
Apr 18 04:06:15 completed: 285, next question: test/intro-questions.txt_dir//4285/question.txt
Apr 18 04:06:15 output directory: davinci_runs/test/first_stage/test_T1_0.6_K1_3/4285
2022-04-18 04:06:15.849231 run_davinci.py test/intro-questions.txt_dir//4285/question.txt davinci_runs/test/first_stage/test_T1_0.6_K1_3/4285 0.6 3
Apr 18 04:07:55 completed: 286, completed question: test/intro-questions.txt_dir//4285/question.txt
Apr 18 04:07:55 4286
Apr 18 04:07:55 completed: 286, next question: test/intro-questions.txt_dir//4286/question.txt
Apr 18 04:07:55 output directory: davinci_runs/test/first_stage/test_T1_0.6_K1_3/4286
2022-04-18 04:07:55.522236 run_davinci.py test/intro-questions.txt_dir//4286/question.txt davinci_runs/test/first_stage/test_T1_0.6_K1_3/4286 0.6 3
Apr 18 04:08:40 completed: 287, completed question: test/intro-questions.txt_dir//4286/question.txt
Apr 18 04:08:40 4287
Apr 18 04:08:40 completed: 287, next question: test/intro-questions.txt_dir//4287/question.txt
Apr 18 04:08:40 output directory: davinci_runs/test/first_stage/test_T1_0.6_K1_3/4287
Traceback (most recent call last):
  File "run_davinci.py", line 129, in <module>
    run_davinci(path, out_dir)
  File "run_davinci.py", line 65, in run_davinci
    n=N_SOLUTIONS
  File "/opt/conda/lib/python3.7/site-packages/openai/api_resources/completion.py", line 31, in create
    return super().create(*args, **kwargs)
  File "/opt/conda/lib/python3.7/site-packages/openai/api_resources/abstract/engine_api_resource.py", line 106, in create
    request_id=request_id,
  File "/opt/conda/lib/python3.7/site-packages/openai/api_requestor.py", line 120, in request
    resp, got_stream = self._interpret_response(result, stream)
  File "/opt/conda/lib/python3.7/site-packages/openai/api_requestor.py", line 328, in _interpret_response
    result.content, result.status_code, result.headers, stream=False
  File "/opt/conda/lib/python3.7/site-packages/openai/api_requestor.py", line 361, in _interpret_response_line
    rbody, rcode, resp.data, rheaders, stream_error=stream_error
openai.error.InvalidRequestError: This model's maximum context length is 4001 tokens, however you requested 4228 tokens (1028 in your prompt; 3200 for the completion). Please reduce your prompt; or completion length.
2022-04-18 04:08:41.225357 run_davinci.py test/intro-questions.txt_dir//4287/question.txt davinci_runs/test/first_stage/test_T1_0.6_K1_3/4287 0.6 3
Apr 18 04:08:41 completed: 288, completed question: test/intro-questions.txt_dir//4287/question.txt
Apr 18 04:08:41 4288
Apr 18 04:08:41 completed: 288, next question: test/intro-questions.txt_dir//4288/question.txt
Apr 18 04:08:41 output directory: davinci_runs/test/first_stage/test_T1_0.6_K1_3/4288
2022-04-18 04:08:41.827602 run_davinci.py test/intro-questions.txt_dir//4288/question.txt davinci_runs/test/first_stage/test_T1_0.6_K1_3/4288 0.6 3
Apr 18 04:09:07 completed: 289, completed question: test/intro-questions.txt_dir//4288/question.txt
Apr 18 04:09:07 4289
Apr 18 04:09:07 completed: 289, next question: test/intro-questions.txt_dir//4289/question.txt
Apr 18 04:09:07 output directory: davinci_runs/test/first_stage/test_T1_0.6_K1_3/4289
2022-04-18 04:09:07.836406 run_davinci.py test/intro-questions.txt_dir//4289/question.txt davinci_runs/test/first_stage/test_T1_0.6_K1_3/4289 0.6 3
Apr 18 04:09:33 completed: 290, completed question: test/intro-questions.txt_dir//4289/question.txt
Apr 18 04:09:33 4290
Apr 18 04:09:33 completed: 290, next question: test/intro-questions.txt_dir//4290/question.txt
Apr 18 04:09:34 output directory: davinci_runs/test/first_stage/test_T1_0.6_K1_3/4290
2022-04-18 04:09:34.311297 run_davinci.py test/intro-questions.txt_dir//4290/question.txt davinci_runs/test/first_stage/test_T1_0.6_K1_3/4290 0.6 3
Apr 18 04:09:56 completed: 291, completed question: test/intro-questions.txt_dir//4290/question.txt
Apr 18 04:09:56 4291
Apr 18 04:09:56 completed: 291, next question: test/intro-questions.txt_dir//4291/question.txt
Apr 18 04:09:56 output directory: davinci_runs/test/first_stage/test_T1_0.6_K1_3/4291
2022-04-18 04:09:56.881539 run_davinci.py test/intro-questions.txt_dir//4291/question.txt davinci_runs/test/first_stage/test_T1_0.6_K1_3/4291 0.6 3
Apr 18 04:10:29 completed: 292, completed question: test/intro-questions.txt_dir//4291/question.txt
Apr 18 04:10:29 4292
Apr 18 04:10:29 completed: 292, next question: test/intro-questions.txt_dir//4292/question.txt
Apr 18 04:10:29 output directory: davinci_runs/test/first_stage/test_T1_0.6_K1_3/4292
2022-04-18 04:10:29.726804 run_davinci.py test/intro-questions.txt_dir//4292/question.txt davinci_runs/test/first_stage/test_T1_0.6_K1_3/4292 0.6 3
Apr 18 04:10:53 completed: 293, completed question: test/intro-questions.txt_dir//4292/question.txt
Apr 18 04:10:53 4293
Apr 18 04:10:53 completed: 293, next question: test/intro-questions.txt_dir//4293/question.txt
Apr 18 04:10:53 output directory: davinci_runs/test/first_stage/test_T1_0.6_K1_3/4293
2022-04-18 04:10:54.134034 run_davinci.py test/intro-questions.txt_dir//4293/question.txt davinci_runs/test/first_stage/test_T1_0.6_K1_3/4293 0.6 3
Apr 18 04:11:18 completed: 294, completed question: test/intro-questions.txt_dir//4293/question.txt
Apr 18 04:11:18 4294
Apr 18 04:11:18 completed: 294, next question: test/intro-questions.txt_dir//4294/question.txt
Apr 18 04:11:18 output directory: davinci_runs/test/first_stage/test_T1_0.6_K1_3/4294
2022-04-18 04:11:18.784453 run_davinci.py test/intro-questions.txt_dir//4294/question.txt davinci_runs/test/first_stage/test_T1_0.6_K1_3/4294 0.6 3
Apr 18 04:11:40 completed: 295, completed question: test/intro-questions.txt_dir//4294/question.txt
Apr 18 04:11:40 4295
Apr 18 04:11:40 completed: 295, next question: test/intro-questions.txt_dir//4295/question.txt
Apr 18 04:11:40 output directory: davinci_runs/test/first_stage/test_T1_0.6_K1_3/4295
2022-04-18 04:11:40.645956 run_davinci.py test/intro-questions.txt_dir//4295/question.txt davinci_runs/test/first_stage/test_T1_0.6_K1_3/4295 0.6 3
Apr 18 04:12:10 completed: 296, completed question: test/intro-questions.txt_dir//4295/question.txt
Apr 18 04:12:10 4296
Apr 18 04:12:10 completed: 296, next question: test/intro-questions.txt_dir//4296/question.txt
Apr 18 04:12:10 output directory: davinci_runs/test/first_stage/test_T1_0.6_K1_3/4296
2022-04-18 04:12:10.984941 run_davinci.py test/intro-questions.txt_dir//4296/question.txt davinci_runs/test/first_stage/test_T1_0.6_K1_3/4296 0.6 3
Apr 18 04:12:34 completed: 297, completed question: test/intro-questions.txt_dir//4296/question.txt
Apr 18 04:12:34 4297
Apr 18 04:12:34 completed: 297, next question: test/intro-questions.txt_dir//4297/question.txt
Apr 18 04:12:34 output directory: davinci_runs/test/first_stage/test_T1_0.6_K1_3/4297
2022-04-18 04:12:34.478456 run_davinci.py test/intro-questions.txt_dir//4297/question.txt davinci_runs/test/first_stage/test_T1_0.6_K1_3/4297 0.6 3
Apr 18 04:12:57 completed: 298, completed question: test/intro-questions.txt_dir//4297/question.txt
Apr 18 04:12:57 4298
Apr 18 04:12:57 completed: 298, next question: test/intro-questions.txt_dir//4298/question.txt
Apr 18 04:12:57 output directory: davinci_runs/test/first_stage/test_T1_0.6_K1_3/4298
2022-04-18 04:12:57.796116 run_davinci.py test/intro-questions.txt_dir//4298/question.txt davinci_runs/test/first_stage/test_T1_0.6_K1_3/4298 0.6 3
Apr 18 04:13:26 completed: 299, completed question: test/intro-questions.txt_dir//4298/question.txt
Apr 18 04:13:26 4299
Apr 18 04:13:26 completed: 299, next question: test/intro-questions.txt_dir//4299/question.txt
Apr 18 04:13:26 output directory: davinci_runs/test/first_stage/test_T1_0.6_K1_3/4299
2022-04-18 04:13:26.856881 run_davinci.py test/intro-questions.txt_dir//4299/question.txt davinci_runs/test/first_stage/test_T1_0.6_K1_3/4299 0.6 3
Apr 18 04:13:54 completed: 300, completed question: test/intro-questions.txt_dir//4299/question.txt
